2019-07-22 23:37:56 INFO  TestBase:15 - Url is launched
2019-07-22 23:37:56 INFO  TestBase:17 - Login page object is created
2019-07-22 23:37:58 INFO  TestBase:19 - Logged into the application
2019-07-23 00:38:34 INFO  TestBase:36 - Chrome Driver object is created:
2019-07-23 00:38:35 INFO  TestBase:39 - Driver maximization done:
2019-07-23 00:38:35 INFO  TestBase:42 - Timeout is set to 10 secs:
2019-07-23 00:38:35 INFO  TestBase:15 - Url is launched
2019-07-23 00:38:35 INFO  TestBase:17 - Login page object is created
2019-07-23 00:41:19 INFO  TestBase:36 - Chrome Driver object is created:
2019-07-23 00:41:20 INFO  TestBase:39 - Driver maximization done:
2019-07-23 00:41:20 INFO  TestBase:42 - Timeout is set to 10 secs:
2019-07-23 00:41:23 INFO  TestBase:45 - Url is launched
2019-07-23 00:41:24 INFO  TestBase:17 - Login page object is created
2019-07-23 00:41:25 INFO  TestBase:19 - Logged into the application
2019-07-23 00:42:41 INFO  TestBase:36 - Chrome Driver object is created:
2019-07-23 00:42:42 INFO  TestBase:39 - Driver maximization done:
2019-07-23 00:42:42 INFO  TestBase:42 - Timeout is set to 10 secs:
2019-07-23 00:42:45 INFO  TestBase:45 - Url is launched
2019-07-23 00:42:45 INFO  TestBase:17 - Login page object is created
2019-07-23 00:42:46 INFO  TestBase:19 -  Username and password is accessed and Logged into the application
2019-07-24 00:00:48 INFO  TestBase:36 - Chrome Driver object is created:
2019-07-24 00:00:49 INFO  TestBase:39 - Driver maximization done:
2019-07-24 00:00:49 INFO  TestBase:42 - Timeout is set to 10 secs:
2019-07-24 00:00:52 INFO  TestBase:45 - Url is launched
2019-07-24 00:00:52 INFO  TestBase:17 - Login page object is created
2019-07-24 00:00:53 INFO  TestBase:19 -  Username and password is accessed and Logged into the application
2019-07-24 00:22:41 INFO  TestBase:38 - Chrome Driver object is created:
2019-07-24 00:22:42 INFO  TestBase:40 - Driver maximization done:
2019-07-24 00:22:42 INFO  TestBase:42 - Timeout is set to 10 secs:
2019-07-24 00:22:45 INFO  TestBase:44 - Url is launched
2019-07-24 00:22:45 INFO  TestBase:17 - Login page object is created
2019-07-24 00:22:46 INFO  TestBase:19 -  Username and password is accessed and Logged into the application
2019-07-24 00:30:22 INFO  TestBase:62 - IE Driver object is created:
2019-07-24 00:30:22 INFO  TestBase:64 - Driver maximization done:
2019-07-24 00:30:22 INFO  TestBase:66 - Timeout is set to 10 secs:
2019-07-24 00:30:25 INFO  TestBase:68 - Url is launched
2019-07-24 00:30:25 INFO  TestBase:17 - Login page object is created
2019-07-24 00:31:51 INFO  TestBase:19 -  Username and password is accessed and Logged into the application
2019-07-25 22:05:07 INFO  TestBase:62 - IE Driver object is created:
2019-07-25 22:05:07 INFO  TestBase:64 - Driver maximization done:
2019-07-25 22:05:07 INFO  TestBase:66 - Timeout is set to 10 secs:
2019-07-25 22:05:11 INFO  TestBase:68 - Url is launched
2019-07-25 22:05:11 INFO  TestBase:17 - Login page object is created
2019-07-25 22:06:39 INFO  TestBase:19 -  Username and password is accessed and Logged into the application
2019-07-26 00:53:31 INFO  TestBase:38 - Chrome Driver object is created:
2019-07-26 00:53:32 INFO  TestBase:40 - Driver maximization done:
2019-07-26 00:53:32 INFO  TestBase:42 - Timeout is set to 10 secs:
2019-07-26 00:53:35 INFO  TestBase:44 - Url is launched
2019-07-26 00:53:35 INFO  TestBase:17 - Login page object is created
2019-07-26 00:53:37 INFO  TestBase:19 -  Username and password is accessed and Logged into the application
2019-07-26 00:58:53 INFO  TestBase:38 - Chrome Driver object is created:
2019-07-26 00:58:54 INFO  TestBase:40 - Driver maximization done:
2019-07-26 00:58:54 INFO  TestBase:42 - Timeout is set to 10 secs:
2019-07-26 00:58:57 INFO  TestBase:44 - Url is launched
2019-07-26 00:58:57 INFO  TestBase:17 - Login page object is created
2019-07-26 00:58:59 INFO  TestBase:19 -  Username and password is accessed and Logged into the application
2019-07-27 09:23:44 INFO  TestBase:38 - Chrome Driver object is created:
2019-07-27 09:23:45 INFO  TestBase:40 - Driver maximization done:
2019-07-27 09:23:45 INFO  TestBase:42 - Timeout is set to 10 secs:
2019-07-27 09:23:49 INFO  TestBase:44 - Url is launched
2019-07-27 09:23:49 INFO  TestBase:17 - Login page object is created
2019-07-27 09:23:51 INFO  TestBase:19 -  Username and password is accessed and Logged into the application
2019-07-27 09:26:11 INFO  TestBase:38 - Chrome Driver object is created:
2019-07-27 09:26:12 INFO  TestBase:40 - Driver maximization done:
2019-07-27 09:26:12 INFO  TestBase:42 - Timeout is set to 10 secs:
2019-07-27 09:26:15 INFO  TestBase:44 - Url is launched
2019-07-27 09:26:15 INFO  TestBase:17 - Login page object is created
2019-07-27 09:26:17 INFO  TestBase:19 -  Username and password is accessed and Logged into the application
2019-07-27 09:27:10 INFO  TestBase:38 - Chrome Driver object is created:
2019-07-27 09:27:11 INFO  TestBase:40 - Driver maximization done:
2019-07-27 09:27:11 INFO  TestBase:42 - Timeout is set to 10 secs:
2019-07-27 09:27:14 INFO  TestBase:44 - Url is launched
2019-07-27 09:27:14 INFO  TestBase:17 - Login page object is created
2019-07-27 09:27:16 INFO  TestBase:19 -  Username and password is accessed and Logged into the application
2019-07-27 09:28:21 INFO  TestBase:38 - Chrome Driver object is created:
2019-07-27 09:28:22 INFO  TestBase:40 - Driver maximization done:
2019-07-27 09:28:22 INFO  TestBase:42 - Timeout is set to 10 secs:
2019-07-27 09:28:25 INFO  TestBase:44 - Url is launched
2019-07-27 09:28:25 INFO  TestBase:17 - Login page object is created
2019-07-27 09:28:27 INFO  TestBase:19 -  Username and password is accessed and Logged into the application
2019-07-27 09:31:04 INFO  TestBase:38 - Chrome Driver object is created:
2019-07-27 09:31:05 INFO  TestBase:40 - Driver maximization done:
2019-07-27 09:31:05 INFO  TestBase:42 - Timeout is set to 10 secs:
2019-07-27 09:31:08 INFO  TestBase:44 - Url is launched
2019-07-27 09:31:08 INFO  TestBase:17 - Login page object is created
2019-07-27 09:31:10 INFO  TestBase:19 -  Username and password is accessed and Logged into the application
2019-07-27 09:36:11 INFO  TestBase:38 - Chrome Driver object is created:
2019-07-27 09:36:12 INFO  TestBase:40 - Driver maximization done:
2019-07-27 09:36:12 INFO  TestBase:42 - Timeout is set to 10 secs:
2019-07-27 09:36:16 INFO  TestBase:44 - Url is launched
2019-07-27 09:36:16 INFO  TestBase:17 - Login page object is created
2019-07-27 09:36:19 INFO  TestBase:19 -  Username and password is accessed and Logged into the application
2019-07-27 09:39:05 INFO  TestBase:38 - Chrome Driver object is created:
2019-07-27 09:39:06 INFO  TestBase:40 - Driver maximization done:
2019-07-27 09:39:06 INFO  TestBase:42 - Timeout is set to 10 secs:
2019-07-27 09:39:10 INFO  TestBase:44 - Url is launched
2019-07-27 09:39:10 INFO  TestBase:17 - Login page object is created
2019-07-27 09:39:12 INFO  TestBase:19 -  Username and password is accessed and Logged into the application
2019-07-27 14:39:57 INFO  TestBase:38 - Chrome Driver object is created:
2019-07-27 14:39:59 INFO  TestBase:40 - Driver maximization done:
2019-07-27 14:39:59 INFO  TestBase:42 - Timeout is set to 10 secs:
2019-07-27 14:40:02 INFO  TestBase:44 - Url is launched
2019-07-27 14:40:02 INFO  TestBase:17 - Login page object is created
2019-07-27 14:40:04 INFO  TestBase:19 -  Username and password is accessed and Logged into the application
2019-07-28 21:00:43 INFO  TestBase:38 - Chrome Driver object is created:
2019-07-28 21:00:44 INFO  TestBase:40 - Driver maximization done:
2019-07-28 21:00:44 INFO  TestBase:42 - Timeout is set to 10 secs:
2019-07-28 21:00:47 INFO  TestBase:44 - Url is launched
2019-07-28 21:00:47 INFO  TestBase:17 - Login page object is created
2019-07-28 21:00:49 INFO  TestBase:19 -  Username and password is accessed and Logged into the application
2019-07-28 21:07:32 INFO  TestBase:38 - Chrome Driver object is created:
2019-07-28 21:07:33 INFO  TestBase:40 - Driver maximization done:
2019-07-28 21:07:33 INFO  TestBase:42 - Timeout is set to 10 secs:
2019-07-28 21:07:36 INFO  TestBase:44 - Url is launched
2019-07-28 21:07:36 INFO  TestBase:17 - Login page object is created
2019-07-28 21:07:38 INFO  TestBase:19 -  Username and password is accessed and Logged into the application
2019-07-28 21:09:55 INFO  TestBase:38 - Chrome Driver object is created:
2019-07-28 21:09:56 INFO  TestBase:40 - Driver maximization done:
2019-07-28 21:09:56 INFO  TestBase:42 - Timeout is set to 10 secs:
2019-07-28 21:09:59 INFO  TestBase:44 - Url is launched
2019-07-28 21:09:59 INFO  TestBase:17 - Login page object is created
2019-07-28 21:10:00 INFO  TestBase:19 -  Username and password is accessed and Logged into the application
2019-07-28 21:11:08 INFO  TestBase:38 - Chrome Driver object is created:
2019-07-28 21:11:09 INFO  TestBase:40 - Driver maximization done:
2019-07-28 21:11:09 INFO  TestBase:42 - Timeout is set to 10 secs:
2019-07-28 21:11:11 INFO  TestBase:44 - Url is launched
2019-07-28 21:11:11 INFO  TestBase:17 - Login page object is created
2019-07-28 21:11:13 INFO  TestBase:19 -  Username and password is accessed and Logged into the application
2019-07-28 21:17:24 INFO  TestBase:38 - Chrome Driver object is created:
2019-07-28 21:17:25 INFO  TestBase:40 - Driver maximization done:
2019-07-28 21:17:25 INFO  TestBase:42 - Timeout is set to 10 secs:
2019-07-28 21:17:28 INFO  TestBase:44 - Url is launched
2019-07-28 21:17:28 INFO  TestBase:17 - Login page object is created
2019-07-28 21:17:29 INFO  TestBase:19 -  Username and password is accessed and Logged into the application
2019-07-28 21:19:09 INFO  TestBase:38 - Chrome Driver object is created:
2019-07-28 21:19:10 INFO  TestBase:40 - Driver maximization done:
2019-07-28 21:19:10 INFO  TestBase:42 - Timeout is set to 10 secs:
2019-07-28 21:19:13 INFO  TestBase:44 - Url is launched
2019-07-28 21:19:13 INFO  TestBase:17 - Login page object is created
2019-07-28 21:19:15 INFO  TestBase:19 -  Username and password is accessed and Logged into the application
2019-07-28 21:21:18 INFO  TestBase:38 - Chrome Driver object is created:
2019-07-28 21:21:19 INFO  TestBase:40 - Driver maximization done:
2019-07-28 21:21:19 INFO  TestBase:42 - Timeout is set to 10 secs:
2019-07-28 21:21:22 INFO  TestBase:44 - Url is launched
2019-07-28 21:21:22 INFO  TestBase:17 - Login page object is created
2019-07-28 21:21:23 INFO  TestBase:19 -  Username and password is accessed and Logged into the application
2019-07-28 21:22:03 INFO  TestBase:38 - Chrome Driver object is created:
2019-07-28 21:22:04 INFO  TestBase:40 - Driver maximization done:
2019-07-28 21:22:04 INFO  TestBase:42 - Timeout is set to 10 secs:
2019-07-28 21:22:07 INFO  TestBase:44 - Url is launched
2019-07-28 21:22:07 INFO  TestBase:17 - Login page object is created
2019-07-28 21:22:09 INFO  TestBase:19 -  Username and password is accessed and Logged into the application
2019-07-28 21:22:59 INFO  TestBase:38 - Chrome Driver object is created:
2019-07-28 21:23:00 INFO  TestBase:40 - Driver maximization done:
2019-07-28 21:23:00 INFO  TestBase:42 - Timeout is set to 10 secs:
2019-07-28 21:23:03 INFO  TestBase:44 - Url is launched
2019-07-28 21:23:03 INFO  TestBase:17 - Login page object is created
2019-07-28 21:23:05 INFO  TestBase:19 -  Username and password is accessed and Logged into the application
2019-07-28 21:28:27 INFO  TestBase:38 - Chrome Driver object is created:
2019-07-28 21:28:28 INFO  TestBase:40 - Driver maximization done:
2019-07-28 21:28:28 INFO  TestBase:42 - Timeout is set to 10 secs:
2019-07-28 21:28:31 INFO  TestBase:44 - Url is launched
2019-07-28 21:28:31 INFO  TestBase:17 - Login page object is created
2019-07-28 21:28:33 INFO  TestBase:19 -  Username and password is accessed and Logged into the application
2019-07-28 21:31:50 INFO  TestBase:38 - Chrome Driver object is created:
2019-07-28 21:31:52 INFO  TestBase:40 - Driver maximization done:
2019-07-28 21:31:52 INFO  TestBase:42 - Timeout is set to 10 secs:
2019-07-28 21:31:54 INFO  TestBase:44 - Url is launched
2019-07-28 21:31:54 INFO  TestBase:17 - Login page object is created
2019-07-28 21:31:56 INFO  TestBase:19 -  Username and password is accessed and Logged into the application
2019-07-28 21:32:32 INFO  TestBase:38 - Chrome Driver object is created:
2019-07-28 21:32:33 INFO  TestBase:40 - Driver maximization done:
2019-07-28 21:32:33 INFO  TestBase:42 - Timeout is set to 10 secs:
2019-07-28 21:32:36 INFO  TestBase:44 - Url is launched
2019-07-28 21:32:36 INFO  TestBase:17 - Login page object is created
2019-07-28 21:32:38 INFO  TestBase:19 -  Username and password is accessed and Logged into the application
2019-07-28 22:35:34 INFO  TestBase:38 - Chrome Driver object is created:
2019-07-28 22:35:35 INFO  TestBase:40 - Driver maximization done:
2019-07-28 22:35:35 INFO  TestBase:42 - Timeout is set to 10 secs:
2019-07-28 22:35:38 INFO  TestBase:44 - Url is launched
2019-07-28 22:35:38 INFO  TestBase:17 - Login page object is created
2019-07-28 22:35:39 INFO  TestBase:19 -  Username and password is accessed and Logged into the application
2019-07-28 22:35:42 INFO  TestBase:38 - Chrome Driver object is created:
2019-07-28 22:35:43 INFO  TestBase:40 - Driver maximization done:
2019-07-28 22:35:43 INFO  TestBase:42 - Timeout is set to 10 secs:
2019-07-28 22:35:46 INFO  TestBase:44 - Url is launched
2019-07-28 22:35:46 INFO  TestBase:17 - Login page object is created
2019-07-28 22:35:48 INFO  TestBase:19 -  Username and password is accessed and Logged into the application
2019-07-28 22:38:40 INFO  TestBase:38 - Chrome Driver object is created:
2019-07-28 22:38:41 INFO  TestBase:40 - Driver maximization done:
2019-07-28 22:38:41 INFO  TestBase:42 - Timeout is set to 10 secs:
2019-07-28 22:38:44 INFO  TestBase:44 - Url is launched
2019-07-28 22:38:44 INFO  TestBase:17 - Login page object is created
2019-07-28 22:38:46 INFO  TestBase:19 -  Username and password is accessed and Logged into the application
2019-07-28 22:38:46 INFO  TestBase:32 - Login page object is created
2019-07-29 22:47:18 INFO  TestBase:43 - Chrome Driver object is created:
2019-07-29 22:47:19 INFO  TestBase:45 - Driver maximization done:
2019-07-29 22:47:19 INFO  TestBase:47 - Timeout is set to 10 secs:
2019-07-29 22:47:23 INFO  TestBase:49 - Url is launched
2019-07-29 22:47:23 INFO  TestBase:17 - Login page object is created
2019-07-29 22:47:25 INFO  TestBase:19 -  Username and password is accessed and Logged into the application
2019-07-29 22:47:25 INFO  TestBase:32 - Login page object is created
2019-07-29 22:50:46 INFO  TestBase:43 - Chrome Driver object is created:
2019-07-29 22:50:47 INFO  TestBase:45 - Driver maximization done:
2019-07-29 22:50:47 INFO  TestBase:47 - Timeout is set to 10 secs:
2019-07-29 22:50:50 INFO  TestBase:49 - Url is launched
2019-07-29 22:50:50 INFO  TestBase:17 - Login page object is created
2019-07-29 22:50:52 INFO  TestBase:19 -  Username and password is accessed and Logged into the application
2019-07-29 22:50:52 INFO  TestBase:32 - Login page object is created
2019-07-29 22:51:51 INFO  TestBase:45 - Chrome Driver object is created:
2019-07-29 22:51:53 INFO  TestBase:47 - Driver maximization done:
2019-07-29 22:51:53 INFO  TestBase:49 - Timeout is set to 10 secs:
2019-07-29 22:51:56 INFO  TestBase:51 - Url is launched
2019-07-29 22:51:56 INFO  TestBase:17 - Login page object is created
2019-07-29 22:51:57 INFO  TestBase:19 -  Username and password is accessed and Logged into the application
2019-07-29 22:52:00 INFO  TestBase:45 - Chrome Driver object is created:
2019-07-29 22:52:01 INFO  TestBase:47 - Driver maximization done:
2019-07-29 22:52:01 INFO  TestBase:49 - Timeout is set to 10 secs:
2019-07-29 22:52:04 INFO  TestBase:51 - Url is launched
2019-07-29 22:52:04 INFO  TestBase:32 - Login page object is created
2019-07-29 22:52:05 INFO  TestBase:34 -  Username and password is accessed and Logged into the application
2019-07-29 22:54:37 INFO  TestBase:45 - Chrome Driver object is created:
2019-07-29 22:54:38 INFO  TestBase:47 - Driver maximization done:
2019-07-29 22:54:38 INFO  TestBase:49 - Timeout is set to 10 secs:
2019-07-29 22:54:41 INFO  TestBase:51 - Url is launched
2019-07-29 22:54:41 INFO  TestBase:17 - Login page object is created
2019-07-29 22:54:42 INFO  TestBase:19 -  Username and password is accessed and Logged into the application
2019-07-29 22:54:45 INFO  TestBase:45 - Chrome Driver object is created:
2019-07-29 22:54:46 INFO  TestBase:47 - Driver maximization done:
2019-07-29 22:54:46 INFO  TestBase:49 - Timeout is set to 10 secs:
2019-07-29 22:54:48 INFO  TestBase:51 - Url is launched
2019-07-29 22:54:48 INFO  TestBase:32 - Login page object is created
2019-07-29 22:54:50 INFO  TestBase:34 -  Username and password is accessed and Logged into the application
2019-07-29 22:56:08 INFO  TestBase:45 - Chrome Driver object is created:
2019-07-29 22:56:09 INFO  TestBase:47 - Driver maximization done:
2019-07-29 22:56:09 INFO  TestBase:49 - Timeout is set to 10 secs:
2019-07-29 22:56:12 INFO  TestBase:51 - Url is launched
2019-07-29 22:56:12 INFO  TestBase:17 - Login page object is created
2019-07-29 22:56:13 INFO  TestBase:19 -  Username and password is accessed and Logged into the application
2019-07-29 22:56:16 INFO  TestBase:45 - Chrome Driver object is created:
2019-07-29 22:56:17 INFO  TestBase:47 - Driver maximization done:
2019-07-29 22:56:17 INFO  TestBase:49 - Timeout is set to 10 secs:
2019-07-29 22:56:20 INFO  TestBase:51 - Url is launched
2019-07-29 22:56:20 INFO  TestBase:32 - Login page object is created
2019-07-29 22:56:21 INFO  TestBase:34 -  Username and password is accessed and Logged into the application
2019-07-29 23:44:10 INFO  TestBase:47 - Chrome Driver object is created:
2019-07-29 23:44:11 INFO  TestBase:49 - Driver maximization done:
2019-07-29 23:44:11 INFO  TestBase:51 - Timeout is set to 10 secs:
2019-07-29 23:44:15 INFO  TestBase:53 - Url is launched
2019-07-29 23:44:15 INFO  TestBase:17 - Login page object is created
2019-07-29 23:44:17 INFO  TestBase:19 -  Username and password is accessed and Logged into the application
2019-07-29 23:44:19 INFO  TestBase:47 - Chrome Driver object is created:
2019-07-29 23:44:21 INFO  TestBase:49 - Driver maximization done:
2019-07-29 23:44:21 INFO  TestBase:51 - Timeout is set to 10 secs:
2019-07-29 23:44:24 INFO  TestBase:53 - Url is launched
2019-07-29 23:44:24 INFO  TestBase:32 - Login page object is created
2019-07-29 23:44:26 INFO  TestBase:34 -  Username and password is accessed and Logged into the application
2019-07-29 23:47:02 INFO  TestBase:47 - Chrome Driver object is created:
2019-07-29 23:47:03 INFO  TestBase:49 - Driver maximization done:
2019-07-29 23:47:03 INFO  TestBase:51 - Timeout is set to 10 secs:
2019-07-29 23:47:06 INFO  TestBase:53 - Url is launched
2019-07-29 23:47:07 INFO  TestBase:17 - Login page object is created
2019-07-29 23:47:08 INFO  TestBase:19 -  Username and password is accessed and Logged into the application
2019-07-29 23:47:11 INFO  TestBase:47 - Chrome Driver object is created:
2019-07-29 23:47:12 INFO  TestBase:49 - Driver maximization done:
2019-07-29 23:47:12 INFO  TestBase:51 - Timeout is set to 10 secs:
2019-07-29 23:47:15 INFO  TestBase:53 - Url is launched
2019-07-29 23:47:15 INFO  TestBase:32 - Login page object is created
2019-07-29 23:47:16 INFO  TestBase:34 -  Username and password is accessed and Logged into the application
2019-07-29 23:48:46 INFO  TestBase:47 - Chrome Driver object is created:
2019-07-29 23:48:47 INFO  TestBase:49 - Driver maximization done:
2019-07-29 23:48:47 INFO  TestBase:51 - Timeout is set to 10 secs:
2019-07-29 23:48:50 INFO  TestBase:53 - Url is launched
2019-07-29 23:48:50 INFO  TestBase:17 - Login page object is created
2019-07-29 23:48:52 INFO  TestBase:19 -  Username and password is accessed and Logged into the application
2019-07-29 23:48:54 INFO  TestBase:47 - Chrome Driver object is created:
2019-07-29 23:48:56 INFO  TestBase:49 - Driver maximization done:
2019-07-29 23:48:56 INFO  TestBase:51 - Timeout is set to 10 secs:
2019-07-29 23:48:59 INFO  TestBase:53 - Url is launched
2019-07-29 23:48:59 INFO  TestBase:32 - Login page object is created
2019-07-29 23:49:00 INFO  TestBase:34 -  Username and password is accessed and Logged into the application
2019-07-29 23:52:19 INFO  TestBase:47 - Chrome Driver object is created:
2019-07-29 23:52:20 INFO  TestBase:49 - Driver maximization done:
2019-07-29 23:52:20 INFO  TestBase:51 - Timeout is set to 10 secs:
2019-07-29 23:52:24 INFO  TestBase:53 - Url is launched
2019-07-29 23:52:24 INFO  TestBase:17 - Login page object is created
2019-07-29 23:52:25 INFO  TestBase:19 -  Username and password is accessed and Logged into the application
2019-07-29 23:52:28 INFO  TestBase:47 - Chrome Driver object is created:
2019-07-29 23:52:29 INFO  TestBase:49 - Driver maximization done:
2019-07-29 23:52:29 INFO  TestBase:51 - Timeout is set to 10 secs:
2019-07-29 23:52:32 INFO  TestBase:53 - Url is launched
2019-07-29 23:52:32 INFO  TestBase:32 - Login page object is created
2019-07-29 23:52:34 INFO  TestBase:34 -  Username and password is accessed and Logged into the application
2019-07-29 23:53:21 INFO  TestBase:47 - Chrome Driver object is created:
2019-07-29 23:53:23 INFO  TestBase:49 - Driver maximization done:
2019-07-29 23:53:23 INFO  TestBase:51 - Timeout is set to 10 secs:
2019-07-29 23:53:26 INFO  TestBase:53 - Url is launched
2019-07-29 23:53:26 INFO  TestBase:17 - Login page object is created
2019-07-29 23:53:27 INFO  TestBase:19 -  Username and password is accessed and Logged into the application
2019-07-29 23:53:30 INFO  TestBase:47 - Chrome Driver object is created:
2019-07-29 23:53:31 INFO  TestBase:49 - Driver maximization done:
2019-07-29 23:53:31 INFO  TestBase:51 - Timeout is set to 10 secs:
2019-07-29 23:53:34 INFO  TestBase:53 - Url is launched
2019-07-29 23:53:34 INFO  TestBase:32 - Login page object is created
2019-07-29 23:53:36 INFO  TestBase:34 -  Username and password is accessed and Logged into the application
2019-07-29 23:55:16 INFO  TestBase:47 - Chrome Driver object is created:
2019-07-29 23:55:17 INFO  TestBase:49 - Driver maximization done:
2019-07-29 23:55:17 INFO  TestBase:51 - Timeout is set to 10 secs:
2019-07-29 23:55:21 INFO  TestBase:53 - Url is launched
2019-07-29 23:55:21 INFO  TestBase:17 - Login page object is created
2019-07-29 23:55:22 INFO  TestBase:19 -  Username and password is accessed and Logged into the application
2019-07-29 23:55:25 INFO  TestBase:47 - Chrome Driver object is created:
2019-07-29 23:55:26 INFO  TestBase:49 - Driver maximization done:
2019-07-29 23:55:26 INFO  TestBase:51 - Timeout is set to 10 secs:
2019-07-29 23:55:29 INFO  TestBase:53 - Url is launched
2019-07-29 23:55:29 INFO  TestBase:32 - Login page object is created
2019-07-29 23:55:31 INFO  TestBase:34 -  Username and password is accessed and Logged into the application
2019-07-29 23:57:16 INFO  TestBase:47 - Chrome Driver object is created:
2019-07-29 23:57:17 INFO  TestBase:49 - Driver maximization done:
2019-07-29 23:57:17 INFO  TestBase:51 - Timeout is set to 10 secs:
2019-07-29 23:57:20 INFO  TestBase:53 - Url is launched
2019-07-29 23:57:20 INFO  TestBase:17 - Login page object is created
2019-07-29 23:57:22 INFO  TestBase:19 -  Username and password is accessed and Logged into the application
2019-07-29 23:57:25 INFO  TestBase:47 - Chrome Driver object is created:
2019-07-29 23:57:26 INFO  TestBase:49 - Driver maximization done:
2019-07-29 23:57:26 INFO  TestBase:51 - Timeout is set to 10 secs:
2019-07-29 23:57:29 INFO  TestBase:53 - Url is launched
2019-07-29 23:57:29 INFO  TestBase:32 - Login page object is created
2019-07-29 23:57:31 INFO  TestBase:34 -  Username and password is accessed and Logged into the application
2019-07-30 21:45:18 INFO  TestBase:47 - Chrome Driver object is created:
2019-07-30 21:45:19 INFO  TestBase:49 - Driver maximization done:
2019-07-30 21:45:19 INFO  TestBase:51 - Timeout is set to 10 secs:
2019-07-30 21:45:23 INFO  TestBase:53 - Url is launched
2019-07-30 21:45:23 INFO  TestBase:17 - Login page object is created
2019-07-30 21:45:27 INFO  TestBase:19 -  Username and password is accessed and Logged into the application
2019-07-30 21:45:30 INFO  TestBase:47 - Chrome Driver object is created:
2019-07-30 21:45:31 INFO  TestBase:49 - Driver maximization done:
2019-07-30 21:45:31 INFO  TestBase:51 - Timeout is set to 10 secs:
2019-07-30 21:45:35 INFO  TestBase:53 - Url is launched
2019-07-30 21:45:35 INFO  TestBase:32 - Login page object is created
2019-07-30 21:45:37 INFO  TestBase:34 -  Username and password is accessed and Logged into the application
2019-07-30 21:48:55 INFO  TestBase:47 - Chrome Driver object is created:
2019-07-30 21:48:56 INFO  TestBase:49 - Driver maximization done:
2019-07-30 21:48:56 INFO  TestBase:51 - Timeout is set to 10 secs:
2019-07-30 21:48:59 INFO  TestBase:53 - Url is launched
2019-07-30 21:48:59 INFO  TestBase:17 - Login page object is created
2019-07-30 21:49:01 INFO  TestBase:19 -  Username and password is accessed and Logged into the application
2019-07-30 21:49:04 INFO  TestBase:47 - Chrome Driver object is created:
2019-07-30 21:49:05 INFO  TestBase:49 - Driver maximization done:
2019-07-30 21:49:05 INFO  TestBase:51 - Timeout is set to 10 secs:
2019-07-30 21:49:08 INFO  TestBase:53 - Url is launched
2019-07-30 21:49:08 INFO  TestBase:32 - Login page object is created
2019-07-30 21:49:10 INFO  TestBase:34 -  Username and password is accessed and Logged into the application
2019-08-06 23:10:05 INFO  TestBase:47 - Chrome Driver object is created:
2019-08-06 23:10:06 INFO  TestBase:49 - Driver maximization done:
2019-08-06 23:10:06 INFO  TestBase:51 - Timeout is set to 10 secs:
2019-08-06 23:10:11 INFO  TestBase:53 - Url is launched
2019-08-06 23:10:17 INFO  TestBase:47 - Chrome Driver object is created:
2019-08-06 23:10:18 INFO  TestBase:49 - Driver maximization done:
2019-08-06 23:10:18 INFO  TestBase:51 - Timeout is set to 10 secs:
2019-08-06 23:10:24 INFO  TestBase:53 - Url is launched
2019-08-06 23:10:33 INFO  TestBase:47 - Chrome Driver object is created:
2019-08-06 23:10:34 INFO  TestBase:49 - Driver maximization done:
2019-08-06 23:10:34 INFO  TestBase:51 - Timeout is set to 10 secs:
2019-08-06 23:10:38 INFO  TestBase:53 - Url is launched
2019-08-06 23:10:44 INFO  TestBase:47 - Chrome Driver object is created:
2019-08-06 23:10:45 INFO  TestBase:49 - Driver maximization done:
2019-08-06 23:10:45 INFO  TestBase:51 - Timeout is set to 10 secs:
2019-08-06 23:10:49 INFO  TestBase:53 - Url is launched
2019-08-06 23:13:06 INFO  TestBase:47 - Chrome Driver object is created:
2019-08-06 23:13:07 INFO  TestBase:49 - Driver maximization done:
2019-08-06 23:13:07 INFO  TestBase:51 - Timeout is set to 10 secs:
2019-08-06 23:13:13 INFO  TestBase:53 - Url is launched
2019-08-06 23:13:20 INFO  TestBase:47 - Chrome Driver object is created:
2019-08-06 23:13:22 INFO  TestBase:49 - Driver maximization done:
2019-08-06 23:13:22 INFO  TestBase:51 - Timeout is set to 10 secs:
2019-08-06 23:13:25 INFO  TestBase:53 - Url is launched
2019-08-06 23:13:32 INFO  TestBase:47 - Chrome Driver object is created:
2019-08-06 23:13:33 INFO  TestBase:49 - Driver maximization done:
2019-08-06 23:13:33 INFO  TestBase:51 - Timeout is set to 10 secs:
2019-08-06 23:13:37 INFO  TestBase:53 - Url is launched
2019-08-06 23:13:53 INFO  TestBase:47 - Chrome Driver object is created:
2019-08-06 23:13:54 INFO  TestBase:49 - Driver maximization done:
2019-08-06 23:13:54 INFO  TestBase:51 - Timeout is set to 10 secs:
2019-08-06 23:14:26 INFO  TestBase:53 - Url is launched
2019-08-06 23:14:38 INFO  TestBase:47 - Chrome Driver object is created:
2019-08-06 23:14:39 INFO  TestBase:49 - Driver maximization done:
2019-08-06 23:14:39 INFO  TestBase:51 - Timeout is set to 10 secs:
2019-08-06 23:14:46 INFO  TestBase:53 - Url is launched
2019-08-06 23:18:41 INFO  TestBase:47 - Chrome Driver object is created:
2019-08-06 23:18:42 INFO  TestBase:49 - Driver maximization done:
2019-08-06 23:18:42 INFO  TestBase:51 - Timeout is set to 10 secs:
2019-08-06 23:18:46 INFO  TestBase:53 - Url is launched
2019-08-06 23:18:54 INFO  TestBase:47 - Chrome Driver object is created:
2019-08-06 23:18:55 INFO  TestBase:49 - Driver maximization done:
2019-08-06 23:18:55 INFO  TestBase:51 - Timeout is set to 10 secs:
2019-08-06 23:19:09 INFO  TestBase:53 - Url is launched
2019-08-06 23:19:18 INFO  TestBase:47 - Chrome Driver object is created:
2019-08-06 23:19:20 INFO  TestBase:49 - Driver maximization done:
2019-08-06 23:19:20 INFO  TestBase:51 - Timeout is set to 10 secs:
2019-08-06 23:19:23 INFO  TestBase:53 - Url is launched
2019-08-06 23:19:32 INFO  TestBase:47 - Chrome Driver object is created:
2019-08-06 23:19:33 INFO  TestBase:49 - Driver maximization done:
2019-08-06 23:19:33 INFO  TestBase:51 - Timeout is set to 10 secs:
2019-08-06 23:19:38 INFO  TestBase:53 - Url is launched
2019-08-06 23:19:46 INFO  TestBase:47 - Chrome Driver object is created:
2019-08-06 23:19:47 INFO  TestBase:49 - Driver maximization done:
2019-08-06 23:19:47 INFO  TestBase:51 - Timeout is set to 10 secs:
2019-08-06 23:19:52 INFO  TestBase:53 - Url is launched
2019-08-06 23:34:16 INFO  TestBase:47 - Chrome Driver object is created:
2019-08-06 23:34:18 INFO  TestBase:49 - Driver maximization done:
2019-08-06 23:34:18 INFO  TestBase:51 - Timeout is set to 10 secs:
2019-08-06 23:34:22 INFO  TestBase:53 - Url is launched
2019-08-06 23:34:33 INFO  TestBase:47 - Chrome Driver object is created:
2019-08-06 23:34:34 INFO  TestBase:49 - Driver maximization done:
2019-08-06 23:34:34 INFO  TestBase:51 - Timeout is set to 10 secs:
2019-08-06 23:34:37 INFO  TestBase:53 - Url is launched
2019-08-06 23:34:49 INFO  TestBase:47 - Chrome Driver object is created:
2019-08-06 23:34:50 INFO  TestBase:49 - Driver maximization done:
2019-08-06 23:34:50 INFO  TestBase:51 - Timeout is set to 10 secs:
2019-08-06 23:34:53 INFO  TestBase:53 - Url is launched
2019-08-06 23:34:57 INFO  TestBase:56 - Login Passed
2019-08-06 23:35:04 INFO  TestBase:47 - Chrome Driver object is created:
2019-08-06 23:35:06 INFO  TestBase:49 - Driver maximization done:
2019-08-06 23:35:06 INFO  TestBase:51 - Timeout is set to 10 secs:
2019-08-06 23:35:09 INFO  TestBase:53 - Url is launched
2019-08-06 23:35:19 INFO  TestBase:47 - Chrome Driver object is created:
2019-08-06 23:35:20 INFO  TestBase:49 - Driver maximization done:
2019-08-06 23:35:20 INFO  TestBase:51 - Timeout is set to 10 secs:
2019-08-06 23:35:24 INFO  TestBase:53 - Url is launched
2019-08-06 23:35:34 INFO  TestBase:47 - Chrome Driver object is created:
2019-08-06 23:35:35 INFO  TestBase:49 - Driver maximization done:
2019-08-06 23:35:35 INFO  TestBase:51 - Timeout is set to 10 secs:
2019-08-06 23:35:39 INFO  TestBase:53 - Url is launched
2019-08-06 23:35:44 INFO  TestBase:56 - Login Passed
2019-08-07 23:30:54 INFO  TestBase:47 - Chrome Driver object is created:
2019-08-07 23:30:55 INFO  TestBase:49 - Driver maximization done:
2019-08-07 23:30:55 INFO  TestBase:51 - Timeout is set to 10 secs:
2019-08-07 23:30:59 INFO  TestBase:53 - Url is launched
2019-08-08 00:01:44 INFO  TestBase:47 - Chrome Driver object is created:
2019-08-08 00:01:45 INFO  TestBase:49 - Driver maximization done:
2019-08-08 00:01:45 INFO  TestBase:51 - Timeout is set to 10 secs:
2019-08-08 00:01:49 INFO  TestBase:53 - Url is launched
2019-08-08 00:05:14 INFO  TestBase:47 - Chrome Driver object is created:
2019-08-08 00:05:15 INFO  TestBase:49 - Driver maximization done:
2019-08-08 00:05:15 INFO  TestBase:51 - Timeout is set to 10 secs:
2019-08-08 00:05:18 INFO  TestBase:53 - Url is launched
2019-08-08 00:05:18 INFO  TestBase:34 - Login page object is created
2019-08-08 00:06:10 INFO  TestBase:47 - Chrome Driver object is created:
2019-08-08 00:06:11 INFO  TestBase:49 - Driver maximization done:
2019-08-08 00:06:11 INFO  TestBase:51 - Timeout is set to 10 secs:
2019-08-08 00:06:14 INFO  TestBase:53 - Url is launched
2019-08-08 00:06:14 INFO  TestBase:34 - Login page object is created
2019-08-08 00:07:37 INFO  TestBase:47 - Chrome Driver object is created:
2019-08-08 00:07:38 INFO  TestBase:49 - Driver maximization done:
2019-08-08 00:07:38 INFO  TestBase:51 - Timeout is set to 10 secs:
2019-08-08 00:07:41 INFO  TestBase:53 - Url is launched
2019-08-08 00:07:41 INFO  TestBase:34 - Login page object is created
2019-08-08 00:09:02 INFO  TestBase:47 - Chrome Driver object is created:
2019-08-08 00:09:04 INFO  TestBase:49 - Driver maximization done:
2019-08-08 00:09:04 INFO  TestBase:51 - Timeout is set to 10 secs:
2019-08-08 00:09:06 INFO  TestBase:53 - Url is launched
2019-08-08 00:09:06 INFO  TestBase:34 - Login page object is created
2019-08-11 00:24:03 INFO  TestBase:47 - Chrome Driver object is created:
2019-08-11 00:24:04 INFO  TestBase:49 - Driver maximization done:
2019-08-11 00:24:04 INFO  TestBase:51 - Timeout is set to 10 secs:
2019-08-11 00:24:07 INFO  TestBase:53 - Url is launched
2019-08-11 00:24:07 INFO  TestBase:34 - Login page object is created
2019-08-11 00:36:13 INFO  TestBase:47 - Chrome Driver object is created:
2019-08-11 00:36:14 INFO  TestBase:49 - Driver maximization done:
2019-08-11 00:36:14 INFO  TestBase:51 - Timeout is set to 10 secs:
2019-08-11 00:36:17 INFO  TestBase:53 - Url is launched
2019-08-11 00:36:17 INFO  TestBase:34 - Login page object is created
2019-08-11 00:40:27 INFO  TestBase:47 - Chrome Driver object is created:
2019-08-11 00:40:28 INFO  TestBase:49 - Driver maximization done:
2019-08-11 00:40:28 INFO  TestBase:51 - Timeout is set to 10 secs:
2019-08-11 00:40:31 INFO  TestBase:53 - Url is launched
2019-08-11 00:40:31 INFO  TestBase:35 - Login page object is created
2019-08-11 00:42:25 INFO  TestBase:47 - Chrome Driver object is created:
2019-08-11 00:42:26 INFO  TestBase:49 - Driver maximization done:
2019-08-11 00:42:26 INFO  TestBase:51 - Timeout is set to 10 secs:
2019-08-11 00:42:29 INFO  TestBase:53 - Url is launched
2019-08-11 00:42:29 INFO  TestBase:35 - Login page object is created
2019-08-11 11:42:33 INFO  TestBase:47 - Chrome Driver object is created:
2019-08-11 11:42:34 INFO  TestBase:49 - Driver maximization done:
2019-08-11 11:42:34 INFO  TestBase:51 - Timeout is set to 10 secs:
2019-08-11 11:42:38 INFO  TestBase:53 - Url is launched
2019-08-11 11:42:38 INFO  TestBase:35 - Login page object is created
2019-08-11 11:44:35 INFO  TestBase:47 - Chrome Driver object is created:
2019-08-11 11:44:36 INFO  TestBase:49 - Driver maximization done:
2019-08-11 11:44:36 INFO  TestBase:51 - Timeout is set to 10 secs:
2019-08-11 11:44:40 INFO  TestBase:53 - Url is launched
2019-08-11 11:44:40 INFO  TestBase:35 - Login page object is created
2019-08-11 11:50:39 INFO  TestBase:47 - Chrome Driver object is created:
2019-08-11 11:50:40 INFO  TestBase:49 - Driver maximization done:
2019-08-11 11:50:40 INFO  TestBase:51 - Timeout is set to 10 secs:
2019-08-11 11:50:43 INFO  TestBase:53 - Url is launched
2019-08-11 11:50:43 INFO  TestBase:35 - Login page object is created
2019-08-11 11:52:39 INFO  TestBase:47 - Chrome Driver object is created:
2019-08-11 11:52:40 INFO  TestBase:49 - Driver maximization done:
2019-08-11 11:52:40 INFO  TestBase:51 - Timeout is set to 10 secs:
2019-08-11 11:52:43 INFO  TestBase:53 - Url is launched
2019-08-11 11:52:43 INFO  TestBase:35 - Login page object is created
2019-08-11 12:19:42 INFO  TestBase:48 - Chrome Driver object is created:
2019-08-11 12:19:44 INFO  TestBase:50 - Driver maximization done:
2019-08-11 12:19:44 INFO  TestBase:52 - Timeout is set to 10 secs:
2019-08-11 12:19:47 INFO  TestBase:54 - Url is launched
2019-08-11 12:19:48 INFO  TestBase:35 - Login page object is created
2019-08-11 12:21:03 INFO  TestBase:48 - Chrome Driver object is created:
2019-08-11 12:21:04 INFO  TestBase:50 - Driver maximization done:
2019-08-11 12:21:04 INFO  TestBase:52 - Timeout is set to 10 secs:
2019-08-11 12:21:07 INFO  TestBase:54 - Url is launched
2019-08-11 12:21:07 INFO  TestBase:35 - Login page object is created
2019-08-11 12:24:01 INFO  TestBase:48 - Chrome Driver object is created:
2019-08-11 12:24:02 INFO  TestBase:50 - Driver maximization done:
2019-08-11 12:24:02 INFO  TestBase:52 - Timeout is set to 10 secs:
2019-08-11 12:24:05 INFO  TestBase:54 - Url is launched
2019-08-11 12:24:05 INFO  TestBase:35 - Login page object is created
2019-08-11 12:25:54 INFO  TestBase:48 - Chrome Driver object is created:
2019-08-11 12:25:55 INFO  TestBase:50 - Driver maximization done:
2019-08-11 12:25:55 INFO  TestBase:52 - Timeout is set to 10 secs:
2019-08-11 12:25:59 INFO  TestBase:54 - Url is launched
2019-08-11 12:25:59 INFO  TestBase:35 - Login page object is created
2019-08-11 13:01:44 INFO  TestBase:49 - Chrome Driver object is created:
2019-08-11 13:01:45 INFO  TestBase:51 - Driver maximization done:
2019-08-11 13:01:45 INFO  TestBase:53 - Timeout is set to 10 secs:
2019-08-11 13:01:48 INFO  TestBase:55 - Url is launched
2019-08-11 13:01:48 INFO  TestBase:37 - Login page object is created
2019-08-11 13:02:11 INFO  AlertHelper:50 - True
2019-08-11 13:02:11 INFO  AlertHelper:29 - Alert is Accepted
2019-08-11 13:11:41 INFO  TestBase:49 - Chrome Driver object is created:
2019-08-11 13:11:42 INFO  TestBase:51 - Driver maximization done:
2019-08-11 13:11:42 INFO  TestBase:53 - Timeout is set to 10 secs:
2019-08-11 13:11:45 INFO  TestBase:55 - Url is launched
2019-08-11 13:11:46 INFO  TestBase:37 - Login page object is created
2019-08-11 13:12:09 INFO  AlertHelper:50 - True
2019-08-11 13:12:09 INFO  AlertHelper:29 - Alert is Accepted
2019-08-11 13:13:44 INFO  TestBase:49 - Chrome Driver object is created:
2019-08-11 13:13:46 INFO  TestBase:51 - Driver maximization done:
2019-08-11 13:13:46 INFO  TestBase:53 - Timeout is set to 10 secs:
2019-08-11 13:13:49 INFO  TestBase:55 - Url is launched
2019-08-11 13:13:49 INFO  TestBase:37 - Login page object is created
2019-08-11 13:14:12 INFO  AlertHelper:50 - True
2019-08-11 13:14:12 INFO  AlertHelper:29 - Alert is Accepted
2019-08-11 16:47:55 INFO  TestBase:49 - Chrome Driver object is created:
2019-08-11 16:47:57 INFO  TestBase:51 - Driver maximization done:
2019-08-11 16:47:57 INFO  TestBase:53 - Timeout is set to 10 secs:
2019-08-11 16:48:00 INFO  TestBase:55 - Url is launched
2019-08-11 16:48:00 INFO  TestBase:37 - Login page object is created
2019-08-11 16:48:21 INFO  AlertHelper:50 - True
2019-08-11 16:48:21 INFO  AlertHelper:29 - Alert is Accepted
2019-08-11 16:48:26 INFO  TestBase:73 - IE Driver object is created:
2019-08-11 16:48:26 INFO  TestBase:75 - Driver maximization done:
2019-08-11 16:48:26 INFO  TestBase:77 - Timeout is set to 10 secs:
2019-08-11 16:48:29 INFO  TestBase:79 - Url is launched
2019-08-11 16:48:29 INFO  TestBase:37 - Login page object is created
2019-08-11 19:05:56 INFO  TestBase:61 - Firefox Driver object is created:
2019-08-11 19:05:56 INFO  TestBase:63 - Driver maximization done:
2019-08-11 19:05:56 INFO  TestBase:65 - Timeout is set to 10 secs:
2019-08-11 19:06:00 INFO  TestBase:67 - Url is launched
2019-08-11 19:06:00 INFO  TestBase:37 - Login page object is created
2019-08-11 19:06:22 INFO  AlertHelper:50 - True
2019-08-11 19:06:22 INFO  AlertHelper:29 - Alert is Accepted
2019-08-11 19:24:14 INFO  TestBase:61 - Firefox Driver object is created:
2019-08-11 19:24:14 INFO  TestBase:63 - Driver maximization done:
2019-08-11 19:24:14 INFO  TestBase:65 - Timeout is set to 10 secs:
2019-08-11 19:24:17 INFO  TestBase:67 - Url is launched
2019-08-11 19:24:17 INFO  TestBase:37 - Login page object is created
2019-08-11 19:24:39 INFO  AlertHelper:50 - True
2019-08-11 19:24:39 INFO  AlertHelper:29 - Alert is Accepted
2019-08-11 19:24:44 INFO  TestBase:61 - Firefox Driver object is created:
2019-08-11 19:24:45 INFO  TestBase:63 - Driver maximization done:
2019-08-11 19:24:45 INFO  TestBase:65 - Timeout is set to 10 secs:
2019-08-11 19:24:48 INFO  TestBase:67 - Url is launched
2019-08-11 19:24:48 INFO  TestBase:17 - Login page object is created
2019-08-11 19:24:49 INFO  TestBase:19 -  Username and password is accessed and Logged into the application
2019-08-11 19:24:54 INFO  TestBase:61 - Firefox Driver object is created:
2019-08-11 19:24:54 INFO  TestBase:63 - Driver maximization done:
2019-08-11 19:24:54 INFO  TestBase:65 - Timeout is set to 10 secs:
2019-08-11 19:24:58 INFO  TestBase:67 - Url is launched
2019-08-11 19:24:58 INFO  TestBase:32 - Login page object is created
2019-08-11 19:25:00 INFO  TestBase:34 -  Username and password is accessed and Logged into the application
2019-08-12 23:27:16 INFO  TestBase:61 - Firefox Driver object is created:
2019-08-12 23:27:16 INFO  TestBase:63 - Driver maximization done:
2019-08-12 23:27:16 INFO  TestBase:65 - Timeout is set to 10 secs:
2019-08-12 23:27:20 INFO  TestBase:67 - Url is launched
2019-08-12 23:27:20 INFO  TestBase:37 - Login page object is created
2019-08-12 23:27:42 INFO  AlertHelper:50 - True
2019-08-12 23:27:42 INFO  AlertHelper:29 - Alert is Accepted
2019-08-12 23:27:48 INFO  TestBase:61 - Firefox Driver object is created:
2019-08-12 23:27:48 INFO  TestBase:63 - Driver maximization done:
2019-08-12 23:27:48 INFO  TestBase:65 - Timeout is set to 10 secs:
2019-08-12 23:27:52 INFO  TestBase:67 - Url is launched
2019-08-12 23:27:52 INFO  TestBase:17 - Login page object is created
2019-08-12 23:27:54 INFO  TestBase:19 -  Username and password is accessed and Logged into the application
2019-08-12 23:27:58 INFO  TestBase:61 - Firefox Driver object is created:
2019-08-12 23:27:59 INFO  TestBase:63 - Driver maximization done:
2019-08-12 23:27:59 INFO  TestBase:65 - Timeout is set to 10 secs:
2019-08-12 23:28:02 INFO  TestBase:67 - Url is launched
2019-08-12 23:28:02 INFO  TestBase:32 - Login page object is created
2019-08-12 23:28:04 INFO  TestBase:34 -  Username and password is accessed and Logged into the application
2019-08-12 23:29:06 INFO  TestBase:61 - Firefox Driver object is created:
2019-08-12 23:29:07 INFO  TestBase:63 - Driver maximization done:
2019-08-12 23:29:07 INFO  TestBase:65 - Timeout is set to 10 secs:
2019-08-12 23:29:09 INFO  TestBase:67 - Url is launched
2019-08-12 23:29:09 INFO  TestBase:37 - Login page object is created
2019-08-12 23:29:31 INFO  AlertHelper:50 - True
2019-08-12 23:29:31 INFO  AlertHelper:29 - Alert is Accepted
2019-08-12 23:29:36 INFO  TestBase:61 - Firefox Driver object is created:
2019-08-12 23:29:37 INFO  TestBase:63 - Driver maximization done:
2019-08-12 23:29:37 INFO  TestBase:65 - Timeout is set to 10 secs:
2019-08-12 23:29:40 INFO  TestBase:67 - Url is launched
2019-08-12 23:29:40 INFO  TestBase:17 - Login page object is created
2019-08-12 23:29:42 INFO  TestBase:19 -  Username and password is accessed and Logged into the application
2019-08-12 23:29:47 INFO  TestBase:61 - Firefox Driver object is created:
2019-08-12 23:29:47 INFO  TestBase:63 - Driver maximization done:
2019-08-12 23:29:47 INFO  TestBase:65 - Timeout is set to 10 secs:
2019-08-12 23:29:51 INFO  TestBase:67 - Url is launched
2019-08-12 23:29:51 INFO  TestBase:32 - Login page object is created
2019-08-12 23:29:53 INFO  TestBase:34 -  Username and password is accessed and Logged into the application
2019-08-13 22:41:01 INFO  TestBase:61 - Firefox Driver object is created:
2019-08-13 22:41:01 INFO  TestBase:63 - Driver maximization done:
2019-08-13 22:41:01 INFO  TestBase:65 - Timeout is set to 10 secs:
2019-08-13 22:41:05 INFO  TestBase:67 - Url is launched
2019-08-13 22:41:05 INFO  TestBase:37 - Login page object is created
2019-08-13 22:41:28 INFO  AlertHelper:50 - True
2019-08-13 22:41:28 INFO  AlertHelper:29 - Alert is Accepted
2019-08-13 22:41:34 INFO  TestBase:61 - Firefox Driver object is created:
2019-08-13 22:41:34 INFO  TestBase:63 - Driver maximization done:
2019-08-13 22:41:34 INFO  TestBase:65 - Timeout is set to 10 secs:
2019-08-13 22:41:38 INFO  TestBase:67 - Url is launched
2019-08-13 22:41:38 INFO  TestBase:17 - Login page object is created
2019-08-13 22:41:40 INFO  TestBase:19 -  Username and password is accessed and Logged into the application
2019-08-13 22:41:45 INFO  TestBase:61 - Firefox Driver object is created:
2019-08-13 22:41:46 INFO  TestBase:63 - Driver maximization done:
2019-08-13 22:41:46 INFO  TestBase:65 - Timeout is set to 10 secs:
2019-08-13 22:41:48 INFO  TestBase:67 - Url is launched
2019-08-13 22:41:48 INFO  TestBase:32 - Login page object is created
2019-08-13 22:41:50 INFO  TestBase:34 -  Username and password is accessed and Logged into the application
2019-08-14 00:19:58 INFO  TestBase:61 - Firefox Driver object is created:
2019-08-14 00:19:59 INFO  TestBase:63 - Driver maximization done:
2019-08-14 00:19:59 INFO  TestBase:65 - Timeout is set to 10 secs:
2019-08-14 00:20:02 INFO  TestBase:67 - Url is launched
2019-08-14 00:20:02 INFO  TestBase:37 - Login page object is created
2019-08-14 00:20:23 INFO  AlertHelper:50 - True
2019-08-14 00:20:23 INFO  AlertHelper:29 - Alert is Accepted
2019-08-14 00:20:27 INFO  TestBase:61 - Firefox Driver object is created:
2019-08-14 00:20:27 INFO  TestBase:63 - Driver maximization done:
2019-08-14 00:20:27 INFO  TestBase:65 - Timeout is set to 10 secs:
2019-08-14 00:20:31 INFO  TestBase:67 - Url is launched
2019-08-14 00:20:31 INFO  TestBase:17 - Login page object is created
2019-08-14 00:20:32 INFO  TestBase:19 -  Username and password is accessed and Logged into the application
2019-08-14 00:20:35 INFO  TestBase:61 - Firefox Driver object is created:
2019-08-14 00:20:36 INFO  TestBase:63 - Driver maximization done:
2019-08-14 00:20:36 INFO  TestBase:65 - Timeout is set to 10 secs:
2019-08-14 00:20:39 INFO  TestBase:67 - Url is launched
2019-08-14 00:20:39 INFO  TestBase:32 - Login page object is created
2019-08-14 00:20:40 INFO  TestBase:34 -  Username and password is accessed and Logged into the application
2019-08-14 00:33:27 INFO  TestBase:61 - Firefox Driver object is created:
2019-08-14 00:33:27 INFO  TestBase:63 - Driver maximization done:
2019-08-14 00:33:27 INFO  TestBase:65 - Timeout is set to 10 secs:
2019-08-14 00:33:30 INFO  TestBase:67 - Url is launched
2019-08-14 00:33:30 INFO  TestBase:37 - Login page object is created
2019-08-14 00:33:51 INFO  AlertHelper:50 - True
2019-08-14 00:33:51 INFO  AlertHelper:29 - Alert is Accepted
2019-08-14 00:33:55 INFO  TestBase:61 - Firefox Driver object is created:
2019-08-14 00:33:55 INFO  TestBase:63 - Driver maximization done:
2019-08-14 00:33:55 INFO  TestBase:65 - Timeout is set to 10 secs:
2019-08-14 00:33:58 INFO  TestBase:67 - Url is launched
2019-08-14 00:33:58 INFO  TestBase:17 - Login page object is created
2019-08-14 00:33:59 INFO  TestBase:19 -  Username and password is accessed and Logged into the application
2019-08-14 00:34:03 INFO  TestBase:61 - Firefox Driver object is created:
2019-08-14 00:34:03 INFO  TestBase:63 - Driver maximization done:
2019-08-14 00:34:03 INFO  TestBase:65 - Timeout is set to 10 secs:
2019-08-14 00:34:07 INFO  TestBase:67 - Url is launched
2019-08-14 00:34:07 INFO  TestBase:32 - Login page object is created
2019-08-14 00:34:08 INFO  TestBase:34 -  Username and password is accessed and Logged into the application
2019-08-14 23:21:35 INFO  TestBase:61 - Firefox Driver object is created:
2019-08-14 23:21:36 INFO  TestBase:63 - Driver maximization done:
2019-08-14 23:21:36 INFO  TestBase:65 - Timeout is set to 10 secs:
2019-08-14 23:21:39 INFO  TestBase:67 - Url is launched
2019-08-14 23:21:39 INFO  TestBase:37 - Login page object is created
2019-08-14 23:22:00 INFO  AlertHelper:50 - True
2019-08-14 23:22:00 INFO  AlertHelper:29 - Alert is Accepted
2019-08-14 23:22:03 INFO  TestBase:61 - Firefox Driver object is created:
2019-08-14 23:22:04 INFO  TestBase:63 - Driver maximization done:
2019-08-14 23:22:04 INFO  TestBase:65 - Timeout is set to 10 secs:
2019-08-14 23:22:07 INFO  TestBase:67 - Url is launched
2019-08-14 23:22:07 INFO  TestBase:17 - Login page object is created
2019-08-14 23:22:09 INFO  TestBase:19 -  Username and password is accessed and Logged into the application
2019-08-14 23:22:12 INFO  TestBase:61 - Firefox Driver object is created:
2019-08-14 23:22:13 INFO  TestBase:63 - Driver maximization done:
2019-08-14 23:22:13 INFO  TestBase:65 - Timeout is set to 10 secs:
2019-08-14 23:22:16 INFO  TestBase:67 - Url is launched
2019-08-14 23:22:16 INFO  TestBase:32 - Login page object is created
2019-08-14 23:22:17 INFO  TestBase:34 -  Username and password is accessed and Logged into the application
2019-08-14 23:48:14 INFO  TestBase:61 - Firefox Driver object is created:
2019-08-14 23:48:14 INFO  TestBase:63 - Driver maximization done:
2019-08-14 23:48:14 INFO  TestBase:65 - Timeout is set to 10 secs:
2019-08-14 23:48:18 INFO  TestBase:67 - Url is launched
2019-08-14 23:48:18 INFO  TestBase:37 - Login page object is created
2019-08-14 23:48:38 INFO  AlertHelper:50 - True
2019-08-14 23:48:38 INFO  AlertHelper:29 - Alert is Accepted
2019-08-14 23:48:42 INFO  TestBase:61 - Firefox Driver object is created:
2019-08-14 23:48:42 INFO  TestBase:63 - Driver maximization done:
2019-08-14 23:48:42 INFO  TestBase:65 - Timeout is set to 10 secs:
2019-08-14 23:48:46 INFO  TestBase:67 - Url is launched
2019-08-14 23:48:46 INFO  TestBase:17 - Login page object is created
2019-08-14 23:48:47 INFO  TestBase:19 -  Username and password is accessed and Logged into the application
2019-08-14 23:48:50 INFO  TestBase:61 - Firefox Driver object is created:
2019-08-14 23:48:51 INFO  TestBase:63 - Driver maximization done:
2019-08-14 23:48:51 INFO  TestBase:65 - Timeout is set to 10 secs:
2019-08-14 23:48:54 INFO  TestBase:67 - Url is launched
2019-08-14 23:48:54 INFO  TestBase:32 - Login page object is created
2019-08-14 23:48:56 INFO  TestBase:34 -  Username and password is accessed and Logged into the application
2019-08-14 23:58:44 INFO  TestBase:61 - Firefox Driver object is created:
2019-08-14 23:58:44 INFO  TestBase:63 - Driver maximization done:
2019-08-14 23:58:44 INFO  TestBase:65 - Timeout is set to 10 secs:
2019-08-14 23:58:47 INFO  TestBase:67 - Url is launched
2019-08-14 23:58:47 INFO  TestBase:37 - Login page object is created
2019-08-14 23:59:08 INFO  AlertHelper:50 - True
2019-08-14 23:59:08 INFO  AlertHelper:29 - Alert is Accepted
2019-08-14 23:59:12 INFO  TestBase:61 - Firefox Driver object is created:
2019-08-14 23:59:12 INFO  TestBase:63 - Driver maximization done:
2019-08-14 23:59:12 INFO  TestBase:65 - Timeout is set to 10 secs:
2019-08-14 23:59:15 INFO  TestBase:67 - Url is launched
2019-08-14 23:59:15 INFO  TestBase:17 - Login page object is created
2019-08-14 23:59:16 INFO  TestBase:19 -  Username and password is accessed and Logged into the application
2019-08-14 23:59:20 INFO  TestBase:61 - Firefox Driver object is created:
2019-08-14 23:59:20 INFO  TestBase:63 - Driver maximization done:
2019-08-14 23:59:20 INFO  TestBase:65 - Timeout is set to 10 secs:
2019-08-14 23:59:24 INFO  TestBase:67 - Url is launched
2019-08-14 23:59:24 INFO  TestBase:32 - Login page object is created
2019-08-14 23:59:25 INFO  TestBase:34 -  Username and password is accessed and Logged into the application
2019-08-15 00:08:31 INFO  TestBase:61 - Firefox Driver object is created:
2019-08-15 00:08:31 INFO  TestBase:63 - Driver maximization done:
2019-08-15 00:08:31 INFO  TestBase:65 - Timeout is set to 10 secs:
2019-08-15 00:08:34 INFO  TestBase:67 - Url is launched
2019-08-15 00:08:34 INFO  TestBase:37 - Login page object is created
2019-08-15 00:08:49 INFO  AlertHelper:50 - True
2019-08-15 00:08:49 INFO  AlertHelper:29 - Alert is Accepted
2019-08-15 00:08:53 INFO  TestBase:61 - Firefox Driver object is created:
2019-08-15 00:08:53 INFO  TestBase:63 - Driver maximization done:
2019-08-15 00:08:53 INFO  TestBase:65 - Timeout is set to 10 secs:
2019-08-15 00:08:56 INFO  TestBase:67 - Url is launched
2019-08-15 00:08:56 INFO  TestBase:17 - Login page object is created
2019-08-15 00:08:58 INFO  TestBase:19 -  Username and password is accessed and Logged into the application
2019-08-15 00:09:01 INFO  TestBase:61 - Firefox Driver object is created:
2019-08-15 00:09:01 INFO  TestBase:63 - Driver maximization done:
2019-08-15 00:09:01 INFO  TestBase:65 - Timeout is set to 10 secs:
2019-08-15 00:09:05 INFO  TestBase:67 - Url is launched
2019-08-15 00:09:05 INFO  TestBase:32 - Login page object is created
2019-08-15 00:09:06 INFO  TestBase:34 -  Username and password is accessed and Logged into the application
2019-08-15 00:12:31 INFO  TestBase:61 - Firefox Driver object is created:
2019-08-15 00:12:32 INFO  TestBase:63 - Driver maximization done:
2019-08-15 00:12:32 INFO  TestBase:65 - Timeout is set to 10 secs:
2019-08-15 00:12:35 INFO  TestBase:67 - Url is launched
2019-08-15 00:12:35 INFO  TestBase:37 - Login page object is created
2019-08-15 00:12:49 INFO  AlertHelper:50 - True
2019-08-15 00:12:49 INFO  AlertHelper:29 - Alert is Accepted
2019-08-15 00:12:53 INFO  TestBase:61 - Firefox Driver object is created:
2019-08-15 00:12:53 INFO  TestBase:63 - Driver maximization done:
2019-08-15 00:12:53 INFO  TestBase:65 - Timeout is set to 10 secs:
2019-08-15 00:12:57 INFO  TestBase:67 - Url is launched
2019-08-15 00:12:57 INFO  TestBase:17 - Login page object is created
2019-08-15 00:12:58 INFO  TestBase:19 -  Username and password is accessed and Logged into the application
2019-08-15 00:13:02 INFO  TestBase:61 - Firefox Driver object is created:
2019-08-15 00:13:02 INFO  TestBase:63 - Driver maximization done:
2019-08-15 00:13:02 INFO  TestBase:65 - Timeout is set to 10 secs:
2019-08-15 00:13:06 INFO  TestBase:67 - Url is launched
2019-08-15 00:13:06 INFO  TestBase:32 - Login page object is created
2019-08-15 00:13:07 INFO  TestBase:34 -  Username and password is accessed and Logged into the application
2019-08-15 00:13:07 INFO  TestBase:47 - Test Passed
2019-08-15 11:39:40 INFO  TestBase:61 - Firefox Driver object is created:
2019-08-15 11:39:41 INFO  TestBase:63 - Driver maximization done:
2019-08-15 11:39:41 INFO  TestBase:65 - Timeout is set to 10 secs:
2019-08-15 11:39:45 INFO  TestBase:67 - Url is launched
2019-08-15 11:39:45 INFO  TestBase:37 - Login page object is created
2019-08-15 11:40:01 INFO  AlertHelper:50 - True
2019-08-15 11:40:02 INFO  AlertHelper:29 - Alert is Accepted
2019-08-15 11:40:08 INFO  TestBase:61 - Firefox Driver object is created:
2019-08-15 11:40:09 INFO  TestBase:63 - Driver maximization done:
2019-08-15 11:40:09 INFO  TestBase:65 - Timeout is set to 10 secs:
2019-08-15 11:40:11 INFO  TestBase:67 - Url is launched
2019-08-15 11:40:11 INFO  TestBase:17 - Login page object is created
2019-08-15 11:40:13 INFO  TestBase:19 -  Username and password is accessed and Logged into the application
2019-08-15 11:40:20 INFO  TestBase:61 - Firefox Driver object is created:
2019-08-15 11:40:20 INFO  TestBase:63 - Driver maximization done:
2019-08-15 11:40:20 INFO  TestBase:65 - Timeout is set to 10 secs:
2019-08-15 11:40:24 INFO  TestBase:67 - Url is launched
2019-08-15 11:40:24 INFO  TestBase:32 - Login page object is created
2019-08-15 11:40:25 INFO  TestBase:34 -  Username and password is accessed and Logged into the application
2019-08-15 11:40:25 INFO  TestBase:47 - Test Passed
2019-08-15 11:49:57 INFO  TestBase:61 - Firefox Driver object is created:
2019-08-15 11:49:57 INFO  TestBase:63 - Driver maximization done:
2019-08-15 11:49:57 INFO  TestBase:65 - Timeout is set to 10 secs:
2019-08-15 11:50:01 INFO  TestBase:67 - Url is launched
2019-08-15 11:50:01 INFO  TestBase:37 - Login page object is created
2019-08-15 11:50:17 INFO  AlertHelper:50 - True
2019-08-15 11:50:17 INFO  AlertHelper:29 - Alert is Accepted
2019-08-15 11:50:24 INFO  TestBase:61 - Firefox Driver object is created:
2019-08-15 11:50:24 INFO  TestBase:63 - Driver maximization done:
2019-08-15 11:50:24 INFO  TestBase:65 - Timeout is set to 10 secs:
2019-08-15 11:50:27 INFO  TestBase:67 - Url is launched
2019-08-15 11:50:28 INFO  TestBase:17 - Login page object is created
2019-08-15 11:50:29 INFO  TestBase:19 -  Username and password is accessed and Logged into the application
2019-08-15 11:50:35 INFO  TestBase:61 - Firefox Driver object is created:
2019-08-15 11:50:35 INFO  TestBase:63 - Driver maximization done:
2019-08-15 11:50:35 INFO  TestBase:65 - Timeout is set to 10 secs:
2019-08-15 11:50:39 INFO  TestBase:67 - Url is launched
2019-08-15 11:50:39 INFO  TestBase:32 - Login page object is created
2019-08-15 11:50:41 INFO  TestBase:34 -  Username and password is accessed and Logged into the application
2019-08-15 11:50:41 INFO  TestBase:47 - Test Passed
2019-08-15 11:57:02 INFO  TestBase:61 - Firefox Driver object is created:
2019-08-15 11:57:02 INFO  TestBase:63 - Driver maximization done:
2019-08-15 11:57:02 INFO  TestBase:65 - Timeout is set to 10 secs:
2019-08-15 11:57:06 INFO  TestBase:67 - Url is launched
2019-08-15 11:57:06 INFO  TestBase:37 - Login page object is created
2019-08-15 11:57:21 INFO  AlertHelper:50 - True
2019-08-15 11:57:21 INFO  AlertHelper:29 - Alert is Accepted
2019-08-15 11:57:27 INFO  TestBase:61 - Firefox Driver object is created:
2019-08-15 11:57:28 INFO  TestBase:63 - Driver maximization done:
2019-08-15 11:57:28 INFO  TestBase:65 - Timeout is set to 10 secs:
2019-08-15 11:57:31 INFO  TestBase:67 - Url is launched
2019-08-15 11:57:31 INFO  TestBase:17 - Login page object is created
2019-08-15 11:57:33 INFO  TestBase:19 -  Username and password is accessed and Logged into the application
2019-08-15 11:57:39 INFO  TestBase:61 - Firefox Driver object is created:
2019-08-15 11:57:39 INFO  TestBase:63 - Driver maximization done:
2019-08-15 11:57:39 INFO  TestBase:65 - Timeout is set to 10 secs:
2019-08-15 11:57:43 INFO  TestBase:67 - Url is launched
2019-08-15 11:57:43 INFO  TestBase:32 - Login page object is created
2019-08-15 11:57:45 INFO  TestBase:34 -  Username and password is accessed and Logged into the application
2019-08-15 11:57:45 INFO  TestBase:47 - Test Passed
2019-08-15 12:01:04 INFO  TestBase:61 - Firefox Driver object is created:
2019-08-15 12:01:04 INFO  TestBase:63 - Driver maximization done:
2019-08-15 12:01:04 INFO  TestBase:65 - Timeout is set to 10 secs:
2019-08-15 12:01:08 INFO  TestBase:67 - Url is launched
2019-08-15 12:01:15 WARN  TestBase:52 - Login Failed
2019-08-15 12:01:21 INFO  TestBase:61 - Firefox Driver object is created:
2019-08-15 12:01:21 INFO  TestBase:63 - Driver maximization done:
2019-08-15 12:01:21 INFO  TestBase:65 - Timeout is set to 10 secs:
2019-08-15 12:01:25 INFO  TestBase:67 - Url is launched
2019-08-15 12:01:32 WARN  TestBase:52 - Login Failed
2019-08-15 12:01:37 INFO  TestBase:61 - Firefox Driver object is created:
2019-08-15 12:01:37 INFO  TestBase:63 - Driver maximization done:
2019-08-15 12:01:37 INFO  TestBase:65 - Timeout is set to 10 secs:
2019-08-15 12:01:41 INFO  TestBase:67 - Url is launched
2019-08-15 12:01:48 WARN  TestBase:52 - Login Failed
2019-08-15 12:01:54 INFO  TestBase:61 - Firefox Driver object is created:
2019-08-15 12:01:55 INFO  TestBase:63 - Driver maximization done:
2019-08-15 12:01:55 INFO  TestBase:65 - Timeout is set to 10 secs:
2019-08-15 12:01:58 INFO  TestBase:67 - Url is launched
2019-08-15 12:02:05 WARN  TestBase:52 - Login Failed
2019-08-15 12:02:10 INFO  TestBase:61 - Firefox Driver object is created:
2019-08-15 12:02:11 INFO  TestBase:63 - Driver maximization done:
2019-08-15 12:02:11 INFO  TestBase:65 - Timeout is set to 10 secs:
2019-08-15 12:02:15 INFO  TestBase:67 - Url is launched
2019-08-15 12:02:22 WARN  TestBase:52 - Login Failed
2019-08-15 12:02:27 INFO  TestBase:61 - Firefox Driver object is created:
2019-08-15 12:02:27 INFO  TestBase:63 - Driver maximization done:
2019-08-15 12:02:27 INFO  TestBase:65 - Timeout is set to 10 secs:
2019-08-15 12:02:31 INFO  TestBase:67 - Url is launched
2019-08-15 12:02:38 WARN  TestBase:52 - Login Failed
2019-08-15 12:02:43 INFO  TestBase:61 - Firefox Driver object is created:
2019-08-15 12:02:43 INFO  TestBase:63 - Driver maximization done:
2019-08-15 12:02:43 INFO  TestBase:65 - Timeout is set to 10 secs:
2019-08-15 12:02:47 INFO  TestBase:67 - Url is launched
2019-08-15 12:02:54 WARN  TestBase:52 - Login Failed
2019-08-15 12:02:59 INFO  TestBase:61 - Firefox Driver object is created:
2019-08-15 12:02:59 INFO  TestBase:63 - Driver maximization done:
2019-08-15 12:02:59 INFO  TestBase:65 - Timeout is set to 10 secs:
2019-08-15 12:03:03 INFO  TestBase:67 - Url is launched
2019-08-15 12:03:10 WARN  TestBase:52 - Login Failed
2019-08-15 12:03:15 INFO  TestBase:61 - Firefox Driver object is created:
2019-08-15 12:03:15 INFO  TestBase:63 - Driver maximization done:
2019-08-15 12:03:15 INFO  TestBase:65 - Timeout is set to 10 secs:
2019-08-15 12:03:19 INFO  TestBase:67 - Url is launched
2019-08-15 12:03:26 WARN  TestBase:52 - Login Failed
2019-08-15 12:03:32 INFO  TestBase:61 - Firefox Driver object is created:
2019-08-15 12:03:32 INFO  TestBase:63 - Driver maximization done:
2019-08-15 12:03:32 INFO  TestBase:65 - Timeout is set to 10 secs:
2019-08-15 12:03:36 INFO  TestBase:67 - Url is launched
2019-08-15 12:03:43 WARN  TestBase:52 - Login Failed
2019-08-15 12:03:48 INFO  TestBase:61 - Firefox Driver object is created:
2019-08-15 12:03:49 INFO  TestBase:63 - Driver maximization done:
2019-08-15 12:03:49 INFO  TestBase:65 - Timeout is set to 10 secs:
2019-08-15 12:03:52 INFO  TestBase:67 - Url is launched
2019-08-15 12:03:59 WARN  TestBase:52 - Login Failed
2019-08-15 12:04:05 INFO  TestBase:61 - Firefox Driver object is created:
2019-08-15 12:04:05 INFO  TestBase:63 - Driver maximization done:
2019-08-15 12:04:05 INFO  TestBase:65 - Timeout is set to 10 secs:
2019-08-15 12:04:09 INFO  TestBase:67 - Url is launched
2019-08-15 12:04:16 WARN  TestBase:52 - Login Failed
2019-08-15 12:04:21 INFO  TestBase:61 - Firefox Driver object is created:
2019-08-15 12:04:21 INFO  TestBase:63 - Driver maximization done:
2019-08-15 12:04:21 INFO  TestBase:65 - Timeout is set to 10 secs:
2019-08-15 12:04:25 INFO  TestBase:67 - Url is launched
2019-08-15 12:04:31 WARN  TestBase:52 - Login Failed
2019-08-15 12:04:37 INFO  TestBase:61 - Firefox Driver object is created:
2019-08-15 12:04:37 INFO  TestBase:63 - Driver maximization done:
2019-08-15 12:04:37 INFO  TestBase:65 - Timeout is set to 10 secs:
2019-08-15 12:04:41 INFO  TestBase:67 - Url is launched
2019-08-15 12:04:47 WARN  TestBase:52 - Login Failed
2019-08-15 12:04:54 INFO  TestBase:61 - Firefox Driver object is created:
2019-08-15 12:04:54 INFO  TestBase:63 - Driver maximization done:
2019-08-15 12:04:54 INFO  TestBase:65 - Timeout is set to 10 secs:
2019-08-15 12:04:58 INFO  TestBase:67 - Url is launched
2019-08-15 12:05:04 WARN  TestBase:52 - Login Failed
2019-08-15 12:05:10 INFO  TestBase:61 - Firefox Driver object is created:
2019-08-15 12:05:11 INFO  TestBase:63 - Driver maximization done:
2019-08-15 12:05:11 INFO  TestBase:65 - Timeout is set to 10 secs:
2019-08-15 12:05:14 INFO  TestBase:67 - Url is launched
2019-08-15 12:05:21 WARN  TestBase:52 - Login Failed
2019-08-15 12:05:27 INFO  TestBase:61 - Firefox Driver object is created:
2019-08-15 12:05:27 INFO  TestBase:63 - Driver maximization done:
2019-08-15 12:05:27 INFO  TestBase:65 - Timeout is set to 10 secs:
2019-08-15 12:05:30 INFO  TestBase:67 - Url is launched
2019-08-15 12:07:39 INFO  TestBase:61 - Firefox Driver object is created:
2019-08-15 12:07:39 INFO  TestBase:63 - Driver maximization done:
2019-08-15 12:07:39 INFO  TestBase:65 - Timeout is set to 10 secs:
2019-08-15 12:07:43 INFO  TestBase:67 - Url is launched
2019-08-15 12:07:50 WARN  TestBase:52 - Login Failed
2019-08-15 12:07:54 INFO  TestBase:61 - Firefox Driver object is created:
2019-08-15 12:07:55 INFO  TestBase:63 - Driver maximization done:
2019-08-15 12:07:55 INFO  TestBase:65 - Timeout is set to 10 secs:
2019-08-15 12:07:58 INFO  TestBase:67 - Url is launched
2019-08-15 12:08:05 WARN  TestBase:52 - Login Failed
2019-08-15 12:08:10 INFO  TestBase:61 - Firefox Driver object is created:
2019-08-15 12:08:11 INFO  TestBase:63 - Driver maximization done:
2019-08-15 12:08:11 INFO  TestBase:65 - Timeout is set to 10 secs:
2019-08-15 12:08:14 INFO  TestBase:67 - Url is launched
2019-08-15 12:08:21 WARN  TestBase:52 - Login Failed
2019-08-15 12:08:26 INFO  TestBase:61 - Firefox Driver object is created:
2019-08-15 12:08:26 INFO  TestBase:63 - Driver maximization done:
2019-08-15 12:08:26 INFO  TestBase:65 - Timeout is set to 10 secs:
2019-08-15 12:08:30 INFO  TestBase:67 - Url is launched
2019-08-15 12:08:37 WARN  TestBase:52 - Login Failed
2019-08-15 12:08:43 INFO  TestBase:61 - Firefox Driver object is created:
2019-08-15 12:08:43 INFO  TestBase:63 - Driver maximization done:
2019-08-15 12:08:43 INFO  TestBase:65 - Timeout is set to 10 secs:
2019-08-15 12:08:47 INFO  TestBase:67 - Url is launched
2019-08-15 12:08:54 WARN  TestBase:52 - Login Failed
2019-08-15 12:10:12 INFO  TestBase:61 - Firefox Driver object is created:
2019-08-15 12:10:13 INFO  TestBase:63 - Driver maximization done:
2019-08-15 12:10:13 INFO  TestBase:65 - Timeout is set to 10 secs:
2019-08-15 12:10:16 INFO  TestBase:67 - Url is launched
2019-08-15 12:10:23 WARN  TestBase:52 - Login Failed
2019-08-15 12:10:28 INFO  TestBase:61 - Firefox Driver object is created:
2019-08-15 12:10:29 INFO  TestBase:63 - Driver maximization done:
2019-08-15 12:10:29 INFO  TestBase:65 - Timeout is set to 10 secs:
2019-08-15 12:10:32 INFO  TestBase:67 - Url is launched
2019-08-15 12:10:39 WARN  TestBase:52 - Login Failed
2019-08-15 12:10:44 INFO  TestBase:61 - Firefox Driver object is created:
2019-08-15 12:10:45 INFO  TestBase:63 - Driver maximization done:
2019-08-15 12:10:45 INFO  TestBase:65 - Timeout is set to 10 secs:
2019-08-15 12:10:48 INFO  TestBase:67 - Url is launched
2019-08-15 12:10:55 WARN  TestBase:52 - Login Failed
2019-08-15 12:11:00 INFO  TestBase:61 - Firefox Driver object is created:
2019-08-15 12:11:00 INFO  TestBase:63 - Driver maximization done:
2019-08-15 12:11:00 INFO  TestBase:65 - Timeout is set to 10 secs:
2019-08-15 12:11:04 INFO  TestBase:67 - Url is launched
2019-08-15 12:11:11 WARN  TestBase:52 - Login Failed
2019-08-15 12:11:16 INFO  TestBase:61 - Firefox Driver object is created:
2019-08-15 12:11:16 INFO  TestBase:63 - Driver maximization done:
2019-08-15 12:11:16 INFO  TestBase:65 - Timeout is set to 10 secs:
2019-08-15 12:11:19 INFO  TestBase:67 - Url is launched
2019-08-15 12:11:26 WARN  TestBase:52 - Login Failed
2019-08-15 12:12:18 INFO  TestBase:61 - Firefox Driver object is created:
2019-08-15 12:12:18 INFO  TestBase:63 - Driver maximization done:
2019-08-15 12:12:18 INFO  TestBase:65 - Timeout is set to 10 secs:
2019-08-15 12:12:21 INFO  TestBase:67 - Url is launched
2019-08-15 12:12:21 INFO  TestBase:37 - Login page object is created
2019-08-15 12:12:38 INFO  AlertHelper:50 - True
2019-08-15 12:12:38 INFO  AlertHelper:29 - Alert is Accepted
2019-08-15 12:13:49 INFO  TestBase:61 - Firefox Driver object is created:
2019-08-15 12:13:49 INFO  TestBase:63 - Driver maximization done:
2019-08-15 12:13:49 INFO  TestBase:65 - Timeout is set to 10 secs:
2019-08-15 12:13:53 INFO  TestBase:67 - Url is launched
2019-08-15 12:13:53 INFO  TestBase:37 - Login page object is created
2019-08-15 12:14:08 INFO  AlertHelper:50 - True
2019-08-15 12:14:08 INFO  AlertHelper:29 - Alert is Accepted
2019-08-15 12:16:56 INFO  TestBase:61 - Firefox Driver object is created:
2019-08-15 12:16:57 INFO  TestBase:63 - Driver maximization done:
2019-08-15 12:16:57 INFO  TestBase:65 - Timeout is set to 10 secs:
2019-08-15 12:17:00 INFO  TestBase:67 - Url is launched
2019-08-15 12:17:00 INFO  TestBase:37 - Login page object is created
2019-08-15 12:17:16 INFO  AlertHelper:50 - True
2019-08-15 12:17:16 INFO  AlertHelper:29 - Alert is Accepted
2019-08-15 12:17:34 INFO  TestBase:61 - Firefox Driver object is created:
2019-08-15 12:17:34 INFO  TestBase:63 - Driver maximization done:
2019-08-15 12:17:34 INFO  TestBase:65 - Timeout is set to 10 secs:
2019-08-15 12:17:38 INFO  TestBase:67 - Url is launched
2019-08-15 12:17:38 INFO  TestBase:37 - Login page object is created
2019-08-15 12:17:54 INFO  AlertHelper:50 - True
2019-08-15 12:17:54 INFO  AlertHelper:29 - Alert is Accepted
2019-08-15 12:19:34 INFO  TestBase:61 - Firefox Driver object is created:
2019-08-15 12:19:35 INFO  TestBase:63 - Driver maximization done:
2019-08-15 12:19:35 INFO  TestBase:65 - Timeout is set to 10 secs:
2019-08-15 12:19:38 INFO  TestBase:67 - Url is launched
2019-08-15 12:19:38 INFO  TestBase:37 - Login page object is created
2019-08-15 12:19:56 INFO  AlertHelper:50 - True
2019-08-15 12:19:56 INFO  AlertHelper:29 - Alert is Accepted
2019-08-15 12:23:35 INFO  TestBase:61 - Firefox Driver object is created:
2019-08-15 12:23:35 INFO  TestBase:63 - Driver maximization done:
2019-08-15 12:23:35 INFO  TestBase:65 - Timeout is set to 10 secs:
2019-08-15 12:23:39 INFO  TestBase:67 - Url is launched
2019-08-15 12:23:39 INFO  TestBase:37 - Login page object is created
2019-08-15 12:23:57 INFO  AlertHelper:50 - True
2019-08-15 12:23:57 INFO  AlertHelper:29 - Alert is Accepted
2019-08-15 12:32:03 INFO  TestBase:61 - Firefox Driver object is created:
2019-08-15 12:32:04 INFO  TestBase:63 - Driver maximization done:
2019-08-15 12:32:04 INFO  TestBase:65 - Timeout is set to 10 secs:
2019-08-15 12:32:07 INFO  TestBase:67 - Url is launched
2019-08-15 12:32:07 INFO  TestBase:37 - Login page object is created
2019-08-15 12:32:25 INFO  AlertHelper:50 - True
2019-08-15 12:32:25 INFO  AlertHelper:29 - Alert is Accepted
2019-08-15 12:39:01 INFO  TestBase:61 - Firefox Driver object is created:
2019-08-15 12:39:01 INFO  TestBase:63 - Driver maximization done:
2019-08-15 12:39:01 INFO  TestBase:65 - Timeout is set to 10 secs:
2019-08-15 12:39:05 INFO  TestBase:67 - Url is launched
2019-08-15 12:39:05 INFO  TestBase:37 - Login page object is created
2019-08-15 12:39:23 INFO  AlertHelper:50 - True
2019-08-15 12:39:23 INFO  AlertHelper:29 - Alert is Accepted
2019-08-15 12:39:58 INFO  TestBase:49 - Chrome Driver object is created:
2019-08-15 12:39:59 INFO  TestBase:51 - Driver maximization done:
2019-08-15 12:39:59 INFO  TestBase:53 - Timeout is set to 10 secs:
2019-08-15 12:40:03 INFO  TestBase:55 - Url is launched
2019-08-15 12:40:03 INFO  TestBase:37 - Login page object is created
2019-08-15 12:40:23 INFO  AlertHelper:56 - False
2019-08-15 12:41:49 INFO  TestBase:49 - Chrome Driver object is created:
2019-08-15 12:41:50 INFO  TestBase:51 - Driver maximization done:
2019-08-15 12:41:50 INFO  TestBase:53 - Timeout is set to 10 secs:
2019-08-15 12:41:53 INFO  TestBase:55 - Url is launched
2019-08-15 12:41:53 INFO  TestBase:37 - Login page object is created
2019-08-15 12:42:14 INFO  AlertHelper:56 - False
2019-08-15 12:42:17 INFO  TestBase:49 - Chrome Driver object is created:
2019-08-15 12:42:18 INFO  TestBase:51 - Driver maximization done:
2019-08-15 12:42:18 INFO  TestBase:53 - Timeout is set to 10 secs:
2019-08-15 12:42:21 INFO  TestBase:55 - Url is launched
2019-08-15 12:42:28 WARN  TestBase:52 - Login Failed
2019-08-15 12:42:31 INFO  TestBase:49 - Chrome Driver object is created:
2019-08-15 12:42:32 INFO  TestBase:51 - Driver maximization done:
2019-08-15 12:42:32 INFO  TestBase:53 - Timeout is set to 10 secs:
2019-08-15 12:42:35 INFO  TestBase:55 - Url is launched
2019-08-15 12:42:42 WARN  TestBase:52 - Login Failed
2019-08-15 12:42:45 INFO  TestBase:49 - Chrome Driver object is created:
2019-08-15 12:42:46 INFO  TestBase:51 - Driver maximization done:
2019-08-15 12:42:46 INFO  TestBase:53 - Timeout is set to 10 secs:
2019-08-15 12:42:49 INFO  TestBase:55 - Url is launched
2019-08-15 12:42:58 WARN  TestBase:52 - Login Failed
2019-08-15 12:43:00 INFO  TestBase:49 - Chrome Driver object is created:
2019-08-15 12:43:01 INFO  TestBase:51 - Driver maximization done:
2019-08-15 12:43:01 INFO  TestBase:53 - Timeout is set to 10 secs:
2019-08-15 12:43:05 INFO  TestBase:55 - Url is launched
2019-08-15 12:43:13 WARN  TestBase:52 - Login Failed
2019-08-15 12:43:15 INFO  TestBase:49 - Chrome Driver object is created:
2019-08-15 12:43:16 INFO  TestBase:51 - Driver maximization done:
2019-08-15 12:43:16 INFO  TestBase:53 - Timeout is set to 10 secs:
2019-08-15 12:43:20 INFO  TestBase:55 - Url is launched
2019-08-15 12:43:27 WARN  TestBase:52 - Login Failed
2019-08-15 12:43:29 INFO  TestBase:49 - Chrome Driver object is created:
2019-08-15 12:43:31 INFO  TestBase:51 - Driver maximization done:
2019-08-15 12:43:31 INFO  TestBase:53 - Timeout is set to 10 secs:
2019-08-15 12:43:33 INFO  TestBase:55 - Url is launched
2019-08-15 12:43:33 INFO  TestBase:17 - Login page object is created
2019-08-15 12:43:35 INFO  TestBase:19 -  Username and password is accessed and Logged into the application
2019-08-15 12:43:38 INFO  TestBase:49 - Chrome Driver object is created:
2019-08-15 12:43:39 INFO  TestBase:51 - Driver maximization done:
2019-08-15 12:43:39 INFO  TestBase:53 - Timeout is set to 10 secs:
2019-08-15 12:43:42 INFO  TestBase:55 - Url is launched
2019-08-15 12:43:42 INFO  TestBase:32 - Login page object is created
2019-08-15 12:43:44 INFO  TestBase:34 -  Username and password is accessed and Logged into the application
2019-08-15 12:43:44 INFO  TestBase:47 - Test Passed
2019-08-15 17:39:20 INFO  TestBase:49 - Chrome Driver object is created:
2019-08-15 17:39:22 INFO  TestBase:51 - Driver maximization done:
2019-08-15 17:39:22 INFO  TestBase:53 - Timeout is set to 10 secs:
2019-08-15 17:39:25 INFO  TestBase:55 - Url is launched
2019-08-15 17:39:25 INFO  TestBase:37 - Login page object is created
2019-08-15 17:39:58 INFO  AlertHelper:56 - False
2019-08-15 17:40:01 INFO  TestBase:49 - Chrome Driver object is created:
2019-08-15 17:40:02 INFO  TestBase:51 - Driver maximization done:
2019-08-15 17:40:02 INFO  TestBase:53 - Timeout is set to 10 secs:
2019-08-15 17:40:05 INFO  TestBase:55 - Url is launched
2019-08-15 17:40:12 WARN  TestBase:52 - Login Failed
2019-08-15 17:40:15 INFO  TestBase:49 - Chrome Driver object is created:
2019-08-15 17:40:16 INFO  TestBase:51 - Driver maximization done:
2019-08-15 17:40:16 INFO  TestBase:53 - Timeout is set to 10 secs:
2019-08-15 17:40:19 INFO  TestBase:55 - Url is launched
2019-08-15 17:40:26 WARN  TestBase:52 - Login Failed
2019-08-15 17:40:28 INFO  TestBase:49 - Chrome Driver object is created:
2019-08-15 17:40:29 INFO  TestBase:51 - Driver maximization done:
2019-08-15 17:40:29 INFO  TestBase:53 - Timeout is set to 10 secs:
2019-08-15 17:40:32 INFO  TestBase:55 - Url is launched
2019-08-15 17:40:39 WARN  TestBase:52 - Login Failed
2019-08-15 17:40:42 INFO  TestBase:49 - Chrome Driver object is created:
2019-08-15 17:40:43 INFO  TestBase:51 - Driver maximization done:
2019-08-15 17:40:43 INFO  TestBase:53 - Timeout is set to 10 secs:
2019-08-15 17:40:46 INFO  TestBase:55 - Url is launched
2019-08-15 17:40:52 WARN  TestBase:52 - Login Failed
2019-08-15 17:40:55 INFO  TestBase:49 - Chrome Driver object is created:
2019-08-15 17:40:56 INFO  TestBase:51 - Driver maximization done:
2019-08-15 17:40:56 INFO  TestBase:53 - Timeout is set to 10 secs:
2019-08-15 17:40:59 INFO  TestBase:55 - Url is launched
2019-08-15 17:41:06 WARN  TestBase:52 - Login Failed
2019-08-15 17:41:09 INFO  TestBase:49 - Chrome Driver object is created:
2019-08-15 17:41:10 INFO  TestBase:51 - Driver maximization done:
2019-08-15 17:41:10 INFO  TestBase:53 - Timeout is set to 10 secs:
2019-08-15 17:41:12 INFO  TestBase:55 - Url is launched
2019-08-15 17:41:12 INFO  TestBase:17 - Login page object is created
2019-08-15 17:41:13 INFO  TestBase:19 -  Username and password is accessed and Logged into the application
2019-08-15 17:41:16 INFO  TestBase:49 - Chrome Driver object is created:
2019-08-15 17:41:17 INFO  TestBase:51 - Driver maximization done:
2019-08-15 17:41:17 INFO  TestBase:53 - Timeout is set to 10 secs:
2019-08-15 17:41:20 INFO  TestBase:55 - Url is launched
2019-08-15 17:41:20 INFO  TestBase:32 - Login page object is created
2019-08-15 17:41:21 INFO  TestBase:34 -  Username and password is accessed and Logged into the application
2019-08-15 17:41:21 INFO  TestBase:47 - Test Passed
2019-08-15 17:45:52 INFO  TestBase:49 - Chrome Driver object is created:
2019-08-15 17:45:53 INFO  TestBase:51 - Driver maximization done:
2019-08-15 17:45:53 INFO  TestBase:53 - Timeout is set to 10 secs:
2019-08-15 17:45:56 INFO  TestBase:55 - Url is launched
2019-08-15 17:45:56 INFO  TestBase:37 - Login page object is created
2019-08-15 17:46:14 INFO  AlertHelper:56 - False
2019-08-15 17:46:17 INFO  TestBase:49 - Chrome Driver object is created:
2019-08-15 17:46:18 INFO  TestBase:51 - Driver maximization done:
2019-08-15 17:46:18 INFO  TestBase:53 - Timeout is set to 10 secs:
2019-08-15 17:46:21 INFO  TestBase:55 - Url is launched
2019-08-15 17:46:27 WARN  TestBase:52 - Login Failed
2019-08-15 17:46:30 INFO  TestBase:49 - Chrome Driver object is created:
2019-08-15 17:46:31 INFO  TestBase:51 - Driver maximization done:
2019-08-15 17:46:31 INFO  TestBase:53 - Timeout is set to 10 secs:
2019-08-15 17:46:34 INFO  TestBase:55 - Url is launched
2019-08-15 17:46:41 WARN  TestBase:52 - Login Failed
2019-08-15 17:46:43 INFO  TestBase:49 - Chrome Driver object is created:
2019-08-15 17:46:45 INFO  TestBase:51 - Driver maximization done:
2019-08-15 17:46:45 INFO  TestBase:53 - Timeout is set to 10 secs:
2019-08-15 17:46:47 INFO  TestBase:55 - Url is launched
2019-08-15 17:46:54 WARN  TestBase:52 - Login Failed
2019-08-15 17:46:57 INFO  TestBase:49 - Chrome Driver object is created:
2019-08-15 17:46:58 INFO  TestBase:51 - Driver maximization done:
2019-08-15 17:46:58 INFO  TestBase:53 - Timeout is set to 10 secs:
2019-08-15 17:47:00 INFO  TestBase:55 - Url is launched
2019-08-15 17:47:07 WARN  TestBase:52 - Login Failed
2019-08-15 17:47:10 INFO  TestBase:49 - Chrome Driver object is created:
2019-08-15 17:47:11 INFO  TestBase:51 - Driver maximization done:
2019-08-15 17:47:11 INFO  TestBase:53 - Timeout is set to 10 secs:
2019-08-15 17:47:14 INFO  TestBase:55 - Url is launched
2019-08-15 17:47:20 WARN  TestBase:52 - Login Failed
2019-08-15 17:47:23 INFO  TestBase:49 - Chrome Driver object is created:
2019-08-15 17:47:24 INFO  TestBase:51 - Driver maximization done:
2019-08-15 17:47:24 INFO  TestBase:53 - Timeout is set to 10 secs:
2019-08-15 17:47:27 INFO  TestBase:55 - Url is launched
2019-08-15 17:47:27 INFO  TestBase:17 - Login page object is created
2019-08-15 17:47:28 INFO  TestBase:19 -  Username and password is accessed and Logged into the application
2019-08-15 17:47:31 INFO  TestBase:49 - Chrome Driver object is created:
2019-08-15 17:47:32 INFO  TestBase:51 - Driver maximization done:
2019-08-15 17:47:32 INFO  TestBase:53 - Timeout is set to 10 secs:
2019-08-15 17:47:34 INFO  TestBase:55 - Url is launched
2019-08-15 17:47:34 INFO  TestBase:32 - Login page object is created
2019-08-15 17:47:36 INFO  TestBase:34 -  Username and password is accessed and Logged into the application
2019-08-15 17:47:36 INFO  TestBase:47 - Test Passed
2019-08-18 22:56:45 INFO  TestBase:49 - Chrome Driver object is created:
2019-08-18 22:56:46 INFO  TestBase:51 - Driver maximization done:
2019-08-18 22:56:46 INFO  TestBase:53 - Timeout is set to 10 secs:
2019-08-18 22:56:51 INFO  TestBase:55 - Url is launched
2019-08-18 22:56:51 INFO  TestBase:37 - Login page object is created
2019-08-18 22:57:09 INFO  AlertHelper:56 - False
2019-08-18 22:57:12 INFO  TestBase:49 - Chrome Driver object is created:
2019-08-18 22:57:22 INFO  TestBase:51 - Driver maximization done:
2019-08-18 22:57:22 INFO  TestBase:53 - Timeout is set to 10 secs:
2019-08-18 22:58:12 INFO  TestBase:49 - Chrome Driver object is created:
2019-08-18 22:58:22 INFO  TestBase:51 - Driver maximization done:
2019-08-18 22:58:22 INFO  TestBase:53 - Timeout is set to 10 secs:
2019-08-18 23:17:35 INFO  TestBase:49 - Chrome Driver object is created:
2019-08-18 23:17:36 INFO  TestBase:51 - Driver maximization done:
2019-08-18 23:17:36 INFO  TestBase:53 - Timeout is set to 10 secs:
2019-08-18 23:17:40 INFO  TestBase:55 - Url is launched
2019-08-18 23:17:40 INFO  TestBase:37 - Login page object is created
2019-08-18 23:18:02 INFO  AlertHelper:56 - False
2019-08-18 23:18:05 INFO  TestBase:49 - Chrome Driver object is created:
2019-08-18 23:18:06 INFO  TestBase:51 - Driver maximization done:
2019-08-18 23:18:06 INFO  TestBase:53 - Timeout is set to 10 secs:
2019-08-18 23:18:09 INFO  TestBase:55 - Url is launched
2019-08-18 23:18:16 WARN  TestBase:52 - Login Failed
2019-08-18 23:18:19 INFO  TestBase:49 - Chrome Driver object is created:
2019-08-18 23:18:20 INFO  TestBase:51 - Driver maximization done:
2019-08-18 23:18:20 INFO  TestBase:53 - Timeout is set to 10 secs:
2019-08-18 23:18:22 INFO  TestBase:55 - Url is launched
2019-08-18 23:18:29 WARN  TestBase:52 - Login Failed
2019-08-18 23:18:32 INFO  TestBase:49 - Chrome Driver object is created:
2019-08-18 23:18:33 INFO  TestBase:51 - Driver maximization done:
2019-08-18 23:18:33 INFO  TestBase:53 - Timeout is set to 10 secs:
2019-08-18 23:18:36 INFO  TestBase:55 - Url is launched
2019-08-18 23:18:43 WARN  TestBase:52 - Login Failed
2019-08-18 23:18:45 INFO  TestBase:49 - Chrome Driver object is created:
2019-08-18 23:18:46 INFO  TestBase:51 - Driver maximization done:
2019-08-18 23:18:46 INFO  TestBase:53 - Timeout is set to 10 secs:
2019-08-18 23:18:49 INFO  TestBase:55 - Url is launched
2019-08-18 23:18:56 WARN  TestBase:52 - Login Failed
2019-08-18 23:18:58 INFO  TestBase:49 - Chrome Driver object is created:
2019-08-18 23:19:00 INFO  TestBase:51 - Driver maximization done:
2019-08-18 23:19:00 INFO  TestBase:53 - Timeout is set to 10 secs:
2019-08-18 23:19:02 INFO  TestBase:55 - Url is launched
2019-08-18 23:19:09 WARN  TestBase:52 - Login Failed
2019-08-18 23:19:12 INFO  TestBase:49 - Chrome Driver object is created:
2019-08-18 23:19:13 INFO  TestBase:51 - Driver maximization done:
2019-08-18 23:19:13 INFO  TestBase:53 - Timeout is set to 10 secs:
2019-08-18 23:19:16 INFO  TestBase:55 - Url is launched
2019-08-18 23:19:16 INFO  TestBase:17 - Login page object is created
2019-08-18 23:19:18 INFO  TestBase:19 -  Username and password is accessed and Logged into the application
2019-08-18 23:19:20 INFO  TestBase:49 - Chrome Driver object is created:
2019-08-18 23:19:21 INFO  TestBase:51 - Driver maximization done:
2019-08-18 23:19:21 INFO  TestBase:53 - Timeout is set to 10 secs:
2019-08-18 23:19:24 INFO  TestBase:55 - Url is launched
2019-08-18 23:19:24 INFO  TestBase:32 - Login page object is created
2019-08-18 23:19:25 INFO  TestBase:34 -  Username and password is accessed and Logged into the application
2019-08-18 23:19:25 INFO  TestBase:47 - Test Passed
2019-08-18 23:25:11 INFO  TestBase:49 - Chrome Driver object is created:
2019-08-18 23:25:12 INFO  TestBase:51 - Driver maximization done:
2019-08-18 23:25:12 INFO  TestBase:53 - Timeout is set to 10 secs:
2019-08-18 23:25:15 INFO  TestBase:55 - Url is launched
2019-08-18 23:25:15 INFO  TestBase:37 - Login page object is created
2019-08-18 23:25:31 INFO  AlertHelper:50 - True
2019-08-18 23:25:31 INFO  AlertHelper:29 - Alert is Accepted
2019-08-18 23:25:34 INFO  TestBase:49 - Chrome Driver object is created:
2019-08-18 23:25:36 INFO  TestBase:51 - Driver maximization done:
2019-08-18 23:25:36 INFO  TestBase:53 - Timeout is set to 10 secs:
2019-08-18 23:25:39 INFO  TestBase:55 - Url is launched
2019-08-18 23:25:46 WARN  TestBase:52 - Login Failed
2019-08-18 23:25:48 INFO  TestBase:49 - Chrome Driver object is created:
2019-08-18 23:25:49 INFO  TestBase:51 - Driver maximization done:
2019-08-18 23:25:49 INFO  TestBase:53 - Timeout is set to 10 secs:
2019-08-18 23:25:53 INFO  TestBase:55 - Url is launched
2019-08-18 23:25:59 WARN  TestBase:52 - Login Failed
2019-08-18 23:26:02 INFO  TestBase:49 - Chrome Driver object is created:
2019-08-18 23:26:03 INFO  TestBase:51 - Driver maximization done:
2019-08-18 23:26:03 INFO  TestBase:53 - Timeout is set to 10 secs:
2019-08-18 23:26:06 INFO  TestBase:55 - Url is launched
2019-08-18 23:26:13 WARN  TestBase:52 - Login Failed
2019-08-18 23:26:16 INFO  TestBase:49 - Chrome Driver object is created:
2019-08-18 23:26:17 INFO  TestBase:51 - Driver maximization done:
2019-08-18 23:26:17 INFO  TestBase:53 - Timeout is set to 10 secs:
2019-08-18 23:26:20 INFO  TestBase:55 - Url is launched
2019-08-18 23:26:27 WARN  TestBase:52 - Login Failed
2019-08-18 23:26:29 INFO  TestBase:49 - Chrome Driver object is created:
2019-08-18 23:26:30 INFO  TestBase:51 - Driver maximization done:
2019-08-18 23:26:30 INFO  TestBase:53 - Timeout is set to 10 secs:
2019-08-18 23:26:34 INFO  TestBase:55 - Url is launched
2019-08-18 23:26:40 WARN  TestBase:52 - Login Failed
2019-08-18 23:26:43 INFO  TestBase:49 - Chrome Driver object is created:
2019-08-18 23:26:44 INFO  TestBase:51 - Driver maximization done:
2019-08-18 23:26:44 INFO  TestBase:53 - Timeout is set to 10 secs:
2019-08-18 23:26:47 INFO  TestBase:55 - Url is launched
2019-08-18 23:26:47 INFO  TestBase:17 - Login page object is created
2019-08-18 23:26:48 INFO  TestBase:19 -  Username and password is accessed and Logged into the application
2019-08-18 23:26:51 INFO  TestBase:49 - Chrome Driver object is created:
2019-08-18 23:26:52 INFO  TestBase:51 - Driver maximization done:
2019-08-18 23:26:52 INFO  TestBase:53 - Timeout is set to 10 secs:
2019-08-18 23:26:54 INFO  TestBase:55 - Url is launched
2019-08-18 23:26:54 INFO  TestBase:32 - Login page object is created
2019-08-18 23:26:56 INFO  TestBase:34 -  Username and password is accessed and Logged into the application
2019-08-18 23:26:56 INFO  TestBase:47 - Test Passed
2019-08-18 23:51:12 INFO  TestBase:49 - Chrome Driver object is created:
2019-08-18 23:51:13 INFO  TestBase:51 - Driver maximization done:
2019-08-18 23:51:13 INFO  TestBase:53 - Timeout is set to 10 secs:
2019-08-18 23:51:16 INFO  TestBase:55 - Url is launched
2019-08-18 23:51:16 INFO  TestBase:37 - Login page object is created
2019-08-18 23:51:33 INFO  AlertHelper:50 - True
2019-08-18 23:51:33 INFO  AlertHelper:29 - Alert is Accepted
2019-08-18 23:51:36 INFO  TestBase:49 - Chrome Driver object is created:
2019-08-18 23:51:37 INFO  TestBase:51 - Driver maximization done:
2019-08-18 23:51:37 INFO  TestBase:53 - Timeout is set to 10 secs:
2019-08-18 23:51:39 INFO  TestBase:55 - Url is launched
2019-08-18 23:51:46 WARN  TestBase:52 - Login Failed
2019-08-18 23:51:49 INFO  TestBase:49 - Chrome Driver object is created:
2019-08-18 23:51:50 INFO  TestBase:51 - Driver maximization done:
2019-08-18 23:51:50 INFO  TestBase:53 - Timeout is set to 10 secs:
2019-08-18 23:51:52 INFO  TestBase:55 - Url is launched
2019-08-18 23:51:59 WARN  TestBase:52 - Login Failed
2019-08-18 23:52:02 INFO  TestBase:49 - Chrome Driver object is created:
2019-08-18 23:52:03 INFO  TestBase:51 - Driver maximization done:
2019-08-18 23:52:03 INFO  TestBase:53 - Timeout is set to 10 secs:
2019-08-18 23:52:06 INFO  TestBase:55 - Url is launched
2019-08-18 23:52:12 WARN  TestBase:52 - Login Failed
2019-08-18 23:52:15 INFO  TestBase:49 - Chrome Driver object is created:
2019-08-18 23:52:16 INFO  TestBase:51 - Driver maximization done:
2019-08-18 23:52:16 INFO  TestBase:53 - Timeout is set to 10 secs:
2019-08-18 23:52:19 INFO  TestBase:55 - Url is launched
2019-08-18 23:52:26 WARN  TestBase:52 - Login Failed
2019-08-18 23:52:28 INFO  TestBase:49 - Chrome Driver object is created:
2019-08-18 23:52:30 INFO  TestBase:51 - Driver maximization done:
2019-08-18 23:52:30 INFO  TestBase:53 - Timeout is set to 10 secs:
2019-08-18 23:52:32 INFO  TestBase:55 - Url is launched
2019-08-18 23:52:39 WARN  TestBase:52 - Login Failed
2019-08-18 23:52:42 INFO  TestBase:49 - Chrome Driver object is created:
2019-08-18 23:52:43 INFO  TestBase:51 - Driver maximization done:
2019-08-18 23:52:43 INFO  TestBase:53 - Timeout is set to 10 secs:
2019-08-18 23:52:45 INFO  TestBase:55 - Url is launched
2019-08-18 23:52:45 INFO  TestBase:17 - Login page object is created
2019-08-18 23:52:46 INFO  TestBase:19 -  Username and password is accessed and Logged into the application
2019-08-18 23:52:49 INFO  TestBase:49 - Chrome Driver object is created:
2019-08-18 23:52:50 INFO  TestBase:51 - Driver maximization done:
2019-08-18 23:52:50 INFO  TestBase:53 - Timeout is set to 10 secs:
2019-08-18 23:52:53 INFO  TestBase:55 - Url is launched
2019-08-18 23:52:53 INFO  TestBase:32 - Login page object is created
2019-08-18 23:52:54 INFO  TestBase:34 -  Username and password is accessed and Logged into the application
2019-08-18 23:52:54 INFO  TestBase:47 - Test Passed
2019-08-18 23:54:23 INFO  TestBase:49 - Chrome Driver object is created:
2019-08-18 23:54:24 INFO  TestBase:51 - Driver maximization done:
2019-08-18 23:54:24 INFO  TestBase:53 - Timeout is set to 10 secs:
2019-08-18 23:54:26 INFO  TestBase:55 - Url is launched
2019-08-18 23:54:26 INFO  TestBase:37 - Login page object is created
2019-08-18 23:54:43 INFO  AlertHelper:50 - True
2019-08-18 23:54:43 INFO  AlertHelper:29 - Alert is Accepted
2019-08-18 23:54:46 INFO  TestBase:49 - Chrome Driver object is created:
2019-08-18 23:54:47 INFO  TestBase:51 - Driver maximization done:
2019-08-18 23:54:47 INFO  TestBase:53 - Timeout is set to 10 secs:
2019-08-18 23:54:50 INFO  TestBase:55 - Url is launched
2019-08-18 23:54:56 WARN  TestBase:52 - Login Failed
2019-08-18 23:54:59 INFO  TestBase:49 - Chrome Driver object is created:
2019-08-18 23:55:00 INFO  TestBase:51 - Driver maximization done:
2019-08-18 23:55:00 INFO  TestBase:53 - Timeout is set to 10 secs:
2019-08-18 23:55:03 INFO  TestBase:55 - Url is launched
2019-08-18 23:55:09 WARN  TestBase:52 - Login Failed
2019-08-18 23:55:12 INFO  TestBase:49 - Chrome Driver object is created:
2019-08-18 23:55:13 INFO  TestBase:51 - Driver maximization done:
2019-08-18 23:55:13 INFO  TestBase:53 - Timeout is set to 10 secs:
2019-08-18 23:55:16 INFO  TestBase:55 - Url is launched
2019-08-18 23:55:23 WARN  TestBase:52 - Login Failed
2019-08-18 23:55:26 INFO  TestBase:49 - Chrome Driver object is created:
2019-08-18 23:55:27 INFO  TestBase:51 - Driver maximization done:
2019-08-18 23:55:27 INFO  TestBase:53 - Timeout is set to 10 secs:
2019-08-18 23:55:29 INFO  TestBase:55 - Url is launched
2019-08-18 23:55:36 WARN  TestBase:52 - Login Failed
2019-08-18 23:55:39 INFO  TestBase:49 - Chrome Driver object is created:
2019-08-18 23:55:40 INFO  TestBase:51 - Driver maximization done:
2019-08-18 23:55:40 INFO  TestBase:53 - Timeout is set to 10 secs:
2019-08-18 23:55:42 INFO  TestBase:55 - Url is launched
2019-08-18 23:55:49 WARN  TestBase:52 - Login Failed
2019-08-18 23:55:52 INFO  TestBase:49 - Chrome Driver object is created:
2019-08-18 23:55:53 INFO  TestBase:51 - Driver maximization done:
2019-08-18 23:55:53 INFO  TestBase:53 - Timeout is set to 10 secs:
2019-08-18 23:55:55 INFO  TestBase:55 - Url is launched
2019-08-18 23:55:55 INFO  TestBase:17 - Login page object is created
2019-08-18 23:55:56 INFO  TestBase:19 -  Username and password is accessed and Logged into the application
2019-08-18 23:55:59 INFO  TestBase:49 - Chrome Driver object is created:
2019-08-18 23:56:00 INFO  TestBase:51 - Driver maximization done:
2019-08-18 23:56:00 INFO  TestBase:53 - Timeout is set to 10 secs:
2019-08-18 23:56:03 INFO  TestBase:55 - Url is launched
2019-08-18 23:56:03 INFO  TestBase:32 - Login page object is created
2019-08-18 23:56:04 INFO  TestBase:34 -  Username and password is accessed and Logged into the application
2019-08-18 23:56:04 INFO  TestBase:47 - Test Passed
2019-08-18 23:59:36 INFO  TestBase:49 - Chrome Driver object is created:
2019-08-18 23:59:37 INFO  TestBase:51 - Driver maximization done:
2019-08-18 23:59:37 INFO  TestBase:53 - Timeout is set to 10 secs:
2019-08-18 23:59:40 INFO  TestBase:55 - Url is launched
2019-08-18 23:59:40 INFO  TestBase:37 - Login page object is created
2019-08-18 23:59:57 INFO  AlertHelper:50 - True
2019-08-18 23:59:57 INFO  AlertHelper:29 - Alert is Accepted
2019-08-19 00:00:00 INFO  TestBase:49 - Chrome Driver object is created:
2019-08-19 00:00:01 INFO  TestBase:51 - Driver maximization done:
2019-08-19 00:00:01 INFO  TestBase:53 - Timeout is set to 10 secs:
2019-08-19 00:00:04 INFO  TestBase:55 - Url is launched
2019-08-19 00:00:11 WARN  TestBase:52 - Login Failed
2019-08-19 00:00:13 INFO  TestBase:49 - Chrome Driver object is created:
2019-08-19 00:00:14 INFO  TestBase:51 - Driver maximization done:
2019-08-19 00:00:14 INFO  TestBase:53 - Timeout is set to 10 secs:
2019-08-19 00:00:17 INFO  TestBase:55 - Url is launched
2019-08-19 00:00:24 WARN  TestBase:52 - Login Failed
2019-08-19 00:00:27 INFO  TestBase:49 - Chrome Driver object is created:
2019-08-19 00:00:28 INFO  TestBase:51 - Driver maximization done:
2019-08-19 00:00:28 INFO  TestBase:53 - Timeout is set to 10 secs:
2019-08-19 00:00:31 INFO  TestBase:55 - Url is launched
2019-08-19 00:00:37 WARN  TestBase:52 - Login Failed
2019-08-19 00:00:40 INFO  TestBase:49 - Chrome Driver object is created:
2019-08-19 00:00:41 INFO  TestBase:51 - Driver maximization done:
2019-08-19 00:00:41 INFO  TestBase:53 - Timeout is set to 10 secs:
2019-08-19 00:00:44 INFO  TestBase:55 - Url is launched
2019-08-19 00:00:50 WARN  TestBase:52 - Login Failed
2019-08-19 00:00:53 INFO  TestBase:49 - Chrome Driver object is created:
2019-08-19 00:00:54 INFO  TestBase:51 - Driver maximization done:
2019-08-19 00:00:54 INFO  TestBase:53 - Timeout is set to 10 secs:
2019-08-19 00:00:57 INFO  TestBase:55 - Url is launched
2019-08-19 00:01:03 WARN  TestBase:52 - Login Failed
2019-08-19 00:01:06 INFO  TestBase:49 - Chrome Driver object is created:
2019-08-19 00:01:07 INFO  TestBase:51 - Driver maximization done:
2019-08-19 00:01:07 INFO  TestBase:53 - Timeout is set to 10 secs:
2019-08-19 00:01:10 INFO  TestBase:55 - Url is launched
2019-08-19 00:01:10 INFO  TestBase:17 - Login page object is created
2019-08-19 00:01:11 INFO  TestBase:19 -  Username and password is accessed and Logged into the application
2019-08-19 00:01:13 INFO  TestBase:49 - Chrome Driver object is created:
2019-08-19 00:01:15 INFO  TestBase:51 - Driver maximization done:
2019-08-19 00:01:15 INFO  TestBase:53 - Timeout is set to 10 secs:
2019-08-19 00:01:17 INFO  TestBase:55 - Url is launched
2019-08-19 00:01:17 INFO  TestBase:32 - Login page object is created
2019-08-19 00:01:18 INFO  TestBase:34 -  Username and password is accessed and Logged into the application
2019-08-19 00:01:18 INFO  TestBase:47 - Test Passed
2019-08-25 20:04:59 INFO  TestBase:49 - Chrome Driver object is created:
2019-08-25 20:05:00 INFO  TestBase:51 - Driver maximization done:
2019-08-25 20:05:00 INFO  TestBase:53 - Timeout is set to 10 secs:
2019-08-25 20:05:04 INFO  TestBase:55 - Url is launched
2019-08-25 20:05:04 INFO  TestBase:37 - Login page object is created
2019-08-25 20:05:21 INFO  AlertHelper:50 - True
2019-08-25 20:05:21 INFO  AlertHelper:29 - Alert is Accepted
2019-08-25 20:05:24 INFO  TestBase:49 - Chrome Driver object is created:
2019-08-25 20:05:25 INFO  TestBase:51 - Driver maximization done:
2019-08-25 20:05:25 INFO  TestBase:53 - Timeout is set to 10 secs:
2019-08-25 20:05:27 INFO  TestBase:55 - Url is launched
2019-08-25 20:05:34 WARN  TestBase:52 - Login Failed
2019-08-25 20:05:37 INFO  TestBase:49 - Chrome Driver object is created:
2019-08-25 20:05:38 INFO  TestBase:51 - Driver maximization done:
2019-08-25 20:05:38 INFO  TestBase:53 - Timeout is set to 10 secs:
2019-08-25 20:05:41 INFO  TestBase:55 - Url is launched
2019-08-25 20:05:49 WARN  TestBase:52 - Login Failed
2019-08-25 20:05:51 INFO  TestBase:49 - Chrome Driver object is created:
2019-08-25 20:05:52 INFO  TestBase:51 - Driver maximization done:
2019-08-25 20:05:52 INFO  TestBase:53 - Timeout is set to 10 secs:
2019-08-25 20:07:18 INFO  TestBase:55 - Url is launched
2019-08-25 20:07:25 WARN  TestBase:52 - Login Failed
2019-08-25 20:07:28 INFO  TestBase:49 - Chrome Driver object is created:
2019-08-25 20:07:29 INFO  TestBase:51 - Driver maximization done:
2019-08-25 20:07:29 INFO  TestBase:53 - Timeout is set to 10 secs:
2019-08-25 20:07:32 INFO  TestBase:55 - Url is launched
2019-08-25 20:07:38 WARN  TestBase:52 - Login Failed
2019-08-25 20:07:41 INFO  TestBase:49 - Chrome Driver object is created:
2019-08-25 20:07:42 INFO  TestBase:51 - Driver maximization done:
2019-08-25 20:07:42 INFO  TestBase:53 - Timeout is set to 10 secs:
2019-08-25 20:07:45 INFO  TestBase:55 - Url is launched
2019-08-25 20:07:52 WARN  TestBase:52 - Login Failed
2019-08-25 20:07:54 INFO  TestBase:49 - Chrome Driver object is created:
2019-08-25 20:07:55 INFO  TestBase:51 - Driver maximization done:
2019-08-25 20:07:55 INFO  TestBase:53 - Timeout is set to 10 secs:
2019-08-25 20:07:58 INFO  TestBase:55 - Url is launched
2019-08-25 20:07:58 INFO  TestBase:17 - Login page object is created
2019-08-25 20:07:59 INFO  TestBase:19 -  Username and password is accessed and Logged into the application
2019-08-25 20:08:02 INFO  TestBase:49 - Chrome Driver object is created:
2019-08-25 20:08:03 INFO  TestBase:51 - Driver maximization done:
2019-08-25 20:08:03 INFO  TestBase:53 - Timeout is set to 10 secs:
2019-08-25 20:08:06 INFO  TestBase:55 - Url is launched
2019-08-25 20:08:06 INFO  TestBase:32 - Login page object is created
2019-08-25 20:08:07 INFO  TestBase:34 -  Username and password is accessed and Logged into the application
2019-08-25 20:08:07 INFO  TestBase:47 - Test Passed
