#
# A fatal error has been detected by the Java Runtime Environment:
#
#  EXCEPTION_ACCESS_VIOLATION (0xc0000005) at pc=0x000000006b057baf, pid=20192, tid=0x0000000000007148
#
# JRE version: Java(TM) SE Runtime Environment (8.0_211-b12) (build 1.8.0_211-b12)
# Java VM: Java HotSpot(TM) 64-Bit Server VM (25.211-b12 mixed mode windows-amd64 compressed oops)
# Problematic frame:
# V  [jvm.dll+0xf7baf]
#
# Failed to write core dump. Minidumps are not enabled by default on client versions of Windows
#
# If you would like to submit a bug report, please visit:
#   http://bugreport.java.com/bugreport/crash.jsp
#

---------------  T H R E A D  ---------------

Current thread (0x00000000184e7000):  VMThread [stack: 0x000000001ac30000,0x000000001ad30000] [id=29000]

siginfo: ExceptionCode=0xc0000005, reading address 0x00000000180e0cd0

Registers:
RAX=0x0000000000194020, RBX=0x0000000000000000, RCX=0x0000000017f4cca0, RDX=0x000000000000ca01
RSP=0x000000001ad2ebd8, RBP=0x000000001ad2f150, RSI=0x000000001ad2f2e0, RDI=0x000000001ad2f2e0
R8 =0x0000000000000000, R9 =0x0000000017f4c7e0, R10=0x0000000000000008, R11=0x0000000017f4cbd5
R12=0x00000000183755a0, R13=0x000000001ad2f110, R14=0x00000000000003d8, R15=0x000000001ad2f100
RIP=0x000000006b057baf, EFLAGS=0x0000000000010202

Top of Stack: (sp=0x000000001ad2ebd8)
0x000000001ad2ebd8:   000000006b05f5f0 00000000d63b8ae0
0x000000001ad2ebe8:   00000000d63b73c0 00000000d63b6258
0x000000001ad2ebf8:   00000000d63b5018 00000000d63b4ba8
0x000000001ad2ec08:   00000000d63aaf58 00000000d63a98c0
0x000000001ad2ec18:   00000000d63a8d98 00000000d63a8d18
0x000000001ad2ec28:   00000000d63a3b00 00000000d63a3a80
0x000000001ad2ec38:   00000000d63a2128 00000000d639c108
0x000000001ad2ec48:   00000000d639bd30 00000000d639bd30
0x000000001ad2ec58:   00000000d639a008 00000000d6398c10
0x000000001ad2ec68:   00000000d6398b90 00000000d63979b0
0x000000001ad2ec78:   00000000d6397928 00000000d6395270
0x000000001ad2ec88:   00000000d63951f0 00000000d6393370
0x000000001ad2ec98:   00000000d63932f0 00000000d6392b28
0x000000001ad2eca8:   00000000d63909b0 00000000d6390938
0x000000001ad2ecb8:   00000000d6390538 00000000d63904c0
0x000000001ad2ecc8:   00000000d638c758 00000000d638c6e0 

Instructions: (pc=0x000000006b057baf)
0x000000006b057b8f:   74 3e 85 d2 79 13 f7 d2 48 63 c2 48 c1 e0 05 48
0x000000006b057b9f:   8b 44 08 10 0f b7 c0 eb 12 48 63 c2 48 c1 e0 05
0x000000006b057baf:   48 8b 44 08 10 0f b7 d0 48 63 c2 41 0f b7 4c c1
0x000000006b057bbf:   52 48 63 c1 41 0f b7 44 c1 52 49 8b 44 c1 50 c3 


Register to memory mapping:

RAX=0x0000000000194020 is an unknown value
RBX=0x0000000000000000 is an unknown value
RCX=0x0000000017f4cca0 is pointing into metadata
RDX=0x000000000000ca01 is an unknown value
RSP=0x000000001ad2ebd8 is an unknown value
RBP=0x000000001ad2f150 is an unknown value
RSI=0x000000001ad2f2e0 is an unknown value
RDI=0x000000001ad2f2e0 is an unknown value
R8 =0x0000000000000000 is an unknown value
R9 =0x0000000017f4c7e0 is pointing into metadata
R10=0x0000000000000008 is an unknown value
R11=0x0000000017f4cbd5 is pointing into metadata
R12=0x00000000183755a0 is an unknown value
R13=0x000000001ad2f110 is an unknown value
R14=0x00000000000003d8 is an unknown value
R15=0x000000001ad2f100 is an unknown value


Stack: [0x000000001ac30000,0x000000001ad30000],  sp=0x000000001ad2ebd8,  free space=1018k
Native frames: (J=compiled Java code, j=interpreted, Vv=VM code, C=native code)
V  [jvm.dll+0xf7baf]

VM_Operation (0x000000001b32f4d0): GetOrSetLocal, mode: safepoint, requested by thread 0x0000000019bfb000


---------------  P R O C E S S  ---------------

Java Threads: ( => current thread )
  0x000000001b92a800 JavaThread "Service Thread" daemon [_thread_blocked, id=19380, stack(0x000000001c480000,0x000000001c580000)]
  0x000000001b963800 JavaThread "C1 CompilerThread3" daemon [_thread_blocked, id=26680, stack(0x000000001c380000,0x000000001c480000)]
  0x000000001b962800 JavaThread "C2 CompilerThread2" daemon [_thread_blocked, id=29184, stack(0x000000001c280000,0x000000001c380000)]
  0x000000001b95f800 JavaThread "C2 CompilerThread1" daemon [_thread_blocked, id=23400, stack(0x000000001c180000,0x000000001c280000)]
  0x000000001b95f000 JavaThread "C2 CompilerThread0" daemon [_thread_blocked, id=25272, stack(0x000000001c080000,0x000000001c180000)]
  0x0000000019c0c800 JavaThread "JDWP Command Reader" daemon [_thread_in_native, id=7572, stack(0x000000001b780000,0x000000001b880000)]
  0x0000000019c07800 JavaThread "JDWP Event Helper Thread" daemon [_thread_blocked, id=25880, stack(0x000000001b680000,0x000000001b780000)]
  0x0000000019bfb000 JavaThread "JDWP Transport Listener: dt_socket" daemon [_thread_blocked, id=10440, stack(0x000000001b230000,0x000000001b330000)]
  0x0000000019bed000 JavaThread "Attach Listener" daemon [_thread_blocked, id=28720, stack(0x000000001b130000,0x000000001b230000)]
  0x0000000019bec000 JavaThread "Signal Dispatcher" daemon [_thread_blocked, id=17304, stack(0x000000001b030000,0x000000001b130000)]
  0x00000000184f3800 JavaThread "Finalizer" daemon [_thread_blocked, id=29608, stack(0x000000001ae30000,0x000000001af30000)]
  0x0000000019bd3000 JavaThread "Reference Handler" daemon [_thread_blocked, id=28800, stack(0x000000001ad30000,0x000000001ae30000)]
  0x0000000003284800 JavaThread "main" [_thread_blocked, id=23248, stack(0x0000000002f60000,0x0000000003060000)]

Other Threads:
=>0x00000000184e7000 VMThread [stack: 0x000000001ac30000,0x000000001ad30000] [id=29000]
  0x0000000019f3e000 WatcherThread [stack: 0x000000001c580000,0x000000001c680000] [id=28308]

VM state:at safepoint (normal execution)

VM Mutex/Monitor currently owned by a thread:  ([mutex/lock_event])
[0x00000000032822d0] Threads_lock - owner thread: 0x00000000184e7000

heap address: 0x0000000081e00000, size: 2018 MB, Compressed Oops mode: 32-bit
Narrow klass base: 0x0000000000000000, Narrow klass shift: 3
Compressed class space size: 1073741824 Address: 0x0000000100000000

Heap:
 PSYoungGen      total 38400K, used 7369K [0x00000000d5f80000, 0x00000000d8a00000, 0x0000000100000000)
  eden space 33280K, 22% used [0x00000000d5f80000,0x00000000d66b2680,0x00000000d8000000)
  from space 5120K, 0% used [0x00000000d8500000,0x00000000d8500000,0x00000000d8a00000)
  to   space 5120K, 0% used [0x00000000d8000000,0x00000000d8000000,0x00000000d8500000)
 ParOldGen       total 87552K, used 0K [0x0000000081e00000, 0x0000000087380000, 0x00000000d5f80000)
  object space 87552K, 0% used [0x0000000081e00000,0x0000000081e00000,0x0000000087380000)
 Metaspace       used 4914K, capacity 5010K, committed 5248K, reserved 1056768K
  class space    used 520K, capacity 561K, committed 640K, reserved 1048576K

Card table byte_map: [0x0000000012740000,0x0000000012b40000] byte_map_base: 0x0000000012331000

Marking Bits: (ParMarkBitMap*) 0x000000006b785ce0
 Begin Bits: [0x00000000137f0000, 0x0000000015778000)
 End Bits:   [0x0000000015778000, 0x0000000017700000)

Polling page: 0x00000000010b0000

CodeCache: size=245760Kb used=1379Kb max_used=1379Kb free=244381Kb
 bounds [0x0000000003380000, 0x00000000035f0000, 0x0000000012380000]
 total_blobs=414 nmethods=131 adapters=204
 compilation: enabled

Compilation events (10 events):
Event: 0.477 Thread 0x000000001b963800  125       3       java.util.concurrent.ConcurrentHashMap::spread (10 bytes)
Event: 0.477 Thread 0x000000001b963800 nmethod 125 0x00000000034d4a10 code [0x00000000034d4b60, 0x00000000034d4cb0]
Event: 0.477 Thread 0x000000001b963800  127       1       sun.misc.URLClassPath$Loader::getBaseURL (5 bytes)
Event: 0.477 Thread 0x000000001b963800 nmethod 127 0x00000000034d4750 code [0x00000000034d48a0, 0x00000000034d49b0]
Event: 0.477 Thread 0x000000001b963800  129       1       java.util.jar.Manifest::getEntries (5 bytes)
Event: 0.477 Thread 0x000000001b963800 nmethod 129 0x00000000034d4490 code [0x00000000034d45e0, 0x00000000034d46f0]
Event: 2719.254 Thread 0x000000001b963800  130       3       org.eclipse.jdt.launching.internal.org.objectweb.asm.SymbolTable::get (13 bytes)
Event: 2719.255 Thread 0x000000001b963800 nmethod 130 0x00000000034d8cd0 code [0x00000000034d8e20, 0x00000000034d8fb0]
Event: 2719.255 Thread 0x000000001b963800  131       3       org.eclipse.jdt.launching.internal.org.objectweb.asm.ByteVector::putShort (52 bytes)
Event: 2719.255 Thread 0x000000001b963800 nmethod 131 0x00000000034d9090 code [0x00000000034d9200, 0x00000000034d9468]

GC Heap History (0 events):
No events

Deoptimization events (0 events):
No events

Classes redefined (2 events):
Event: 561.678 Thread 0x00000000184e7000 redefined class name=dummy.TEST123, count=1
Event: 2719.255 Thread 0x00000000184e7000 redefined class name=dummy.TEST123, count=2

Internal exceptions (2 events):
Event: 0.030 Thread 0x0000000003284800 Exception <a 'java/lang/NoSuchMethodError': Method sun.misc.Unsafe.defineClass(Ljava/lang/String;[BII)Ljava/lang/Class; name or signature does not match> (0x00000000d5f87cb0) thrown at [C:\re\workspace\8-2-build-windows-amd64-cygwin\jdk8u211\12973\hotspot
Event: 0.030 Thread 0x0000000003284800 Exception <a 'java/lang/NoSuchMethodError': Method sun.misc.Unsafe.prefetchRead(Ljava/lang/Object;J)V name or signature does not match> (0x00000000d5f87f98) thrown at [C:\re\workspace\8-2-build-windows-amd64-cygwin\jdk8u211\12973\hotspot\src\share\vm\prim

Events (10 events):
Event: 2719.262 Executing VM operation: ChangeBreakpoints done
Event: 2719.264 Executing VM operation: ChangeBreakpoints
Event: 2719.264 Executing VM operation: ChangeBreakpoints done
Event: 2719.266 Executing VM operation: ChangeBreakpoints
Event: 2719.266 Executing VM operation: ChangeBreakpoints done
Event: 2719.753 Executing VM operation: GetOwnedMonitorInfo
Event: 2719.753 Executing VM operation: GetOwnedMonitorInfo done
Event: 2719.753 Executing VM operation: GetCurrentContendedMonitor
Event: 2719.753 Executing VM operation: GetCurrentContendedMonitor done
Event: 2763.664 Executing VM operation: GetOrSetLocal


Dynamic libraries:
0x00007ff798cc0000 - 0x00007ff798cf7000 	C:\Program Files\Java\jdk1.8.0_211\bin\javaw.exe
0x00007ffe14160000 - 0x00007ffe1434d000 	C:\WINDOWS\SYSTEM32\ntdll.dll
0x00007ffe13870000 - 0x00007ffe13923000 	C:\WINDOWS\System32\KERNEL32.DLL
0x00007ffe10d80000 - 0x00007ffe11013000 	C:\WINDOWS\System32\KERNELBASE.dll
0x00007ffe0ddb0000 - 0x00007ffe0de3c000 	C:\WINDOWS\SYSTEM32\apphelp.dll
0x00007ffe13bc0000 - 0x00007ffe13c63000 	C:\WINDOWS\System32\ADVAPI32.dll
0x00007ffe13c70000 - 0x00007ffe13d0e000 	C:\WINDOWS\System32\msvcrt.dll
0x00007ffe114d0000 - 0x00007ffe1156e000 	C:\WINDOWS\System32\sechost.dll
0x00007ffe13230000 - 0x00007ffe13352000 	C:\WINDOWS\System32\RPCRT4.dll
0x00007ffe13f90000 - 0x00007ffe14127000 	C:\WINDOWS\System32\USER32.dll
0x00007ffe10230000 - 0x00007ffe10250000 	C:\WINDOWS\System32\win32u.dll
0x00007ffe11c10000 - 0x00007ffe11c39000 	C:\WINDOWS\System32\GDI32.dll
0x00007ffe10340000 - 0x00007ffe104d9000 	C:\WINDOWS\System32\gdi32full.dll
0x00007ffe10250000 - 0x00007ffe102f0000 	C:\WINDOWS\System32\msvcp_win.dll
0x00007ffe10c80000 - 0x00007ffe10d7a000 	C:\WINDOWS\System32\ucrtbase.dll
0x00007ffe02890000 - 0x00007ffe02b09000 	C:\WINDOWS\WinSxS\amd64_microsoft.windows.common-controls_6595b64144ccf1df_6.0.17763.615_none_05b4414a072024d4\COMCTL32.dll
0x00007ffe13540000 - 0x00007ffe1386c000 	C:\WINDOWS\System32\combase.dll
0x00007ffe11200000 - 0x00007ffe1127e000 	C:\WINDOWS\System32\bcryptPrimitives.dll
0x00007ffe13200000 - 0x00007ffe1322e000 	C:\WINDOWS\System32\IMM32.DLL
0x000000006b810000 - 0x000000006b8e2000 	C:\Program Files\Java\jdk1.8.0_211\jre\bin\msvcr100.dll
0x000000006af60000 - 0x000000006b805000 	C:\Program Files\Java\jdk1.8.0_211\jre\bin\server\jvm.dll
0x00007ffe13dd0000 - 0x00007ffe13dd8000 	C:\WINDOWS\System32\PSAPI.DLL
0x00007ffe098f0000 - 0x00007ffe098fa000 	C:\WINDOWS\SYSTEM32\VERSION.dll
0x00007ffdf92c0000 - 0x00007ffdf92c9000 	C:\WINDOWS\SYSTEM32\WSOCK32.dll
0x00007ffe0dbf0000 - 0x00007ffe0dc14000 	C:\WINDOWS\SYSTEM32\WINMM.dll
0x00007ffe13360000 - 0x00007ffe133cd000 	C:\WINDOWS\System32\WS2_32.dll
0x00007ffe0dad0000 - 0x00007ffe0dafd000 	C:\WINDOWS\SYSTEM32\WINMMBASE.dll
0x00007ffe10c30000 - 0x00007ffe10c7a000 	C:\WINDOWS\System32\cfgmgr32.dll
0x00007ffe0af60000 - 0x00007ffe0af6f000 	C:\Program Files\Java\jdk1.8.0_211\jre\bin\verify.dll
0x00007ffe095f0000 - 0x00007ffe09619000 	C:\Program Files\Java\jdk1.8.0_211\jre\bin\java.dll
0x00007ffe00f80000 - 0x00007ffe00fb5000 	C:\Program Files\Java\jdk1.8.0_211\jre\bin\jdwp.dll
0x00007ffe0b790000 - 0x00007ffe0b798000 	C:\Program Files\Java\jdk1.8.0_211\jre\bin\npt.dll
0x00007ffe09630000 - 0x00007ffe09653000 	C:\Program Files\Java\jdk1.8.0_211\jre\bin\instrument.dll
0x00007ffe07270000 - 0x00007ffe07286000 	C:\Program Files\Java\jdk1.8.0_211\jre\bin\zip.dll
0x00007ffe11d10000 - 0x00007ffe13200000 	C:\WINDOWS\System32\SHELL32.dll
0x00007ffe11c40000 - 0x00007ffe11ce8000 	C:\WINDOWS\System32\shcore.dll
0x00007ffe104e0000 - 0x00007ffe10c2a000 	C:\WINDOWS\System32\windows.storage.dll
0x00007ffe10160000 - 0x00007ffe10184000 	C:\WINDOWS\System32\profapi.dll
0x00007ffe101b0000 - 0x00007ffe1020d000 	C:\WINDOWS\System32\powrprof.dll
0x00007ffe11bb0000 - 0x00007ffe11c02000 	C:\WINDOWS\System32\shlwapi.dll
0x00007ffe10210000 - 0x00007ffe10221000 	C:\WINDOWS\System32\kernel.appcore.dll
0x00007ffe10320000 - 0x00007ffe10337000 	C:\WINDOWS\System32\cryptsp.dll
0x00007ffe0ade0000 - 0x00007ffe0ade9000 	C:\Program Files\Java\jdk1.8.0_211\jre\bin\dt_socket.dll
0x00007ffdfa840000 - 0x00007ffdfa856000 	C:\WINDOWS\system32\napinsp.dll
0x00007ffdf30e0000 - 0x00007ffdf30fa000 	C:\WINDOWS\system32\pnrpnsp.dll
0x00007ffe0f9d0000 - 0x00007ffe0fa37000 	C:\WINDOWS\System32\mswsock.dll
0x00007ffe0f770000 - 0x00007ffe0f836000 	C:\WINDOWS\SYSTEM32\DNSAPI.dll
0x00007ffe11390000 - 0x00007ffe11398000 	C:\WINDOWS\System32\NSI.dll
0x00007ffe0f730000 - 0x00007ffe0f76d000 	C:\WINDOWS\SYSTEM32\IPHLPAPI.DLL
0x00007ffdf30d0000 - 0x00007ffdf30de000 	C:\WINDOWS\System32\winrnr.dll
0x00007ffe0c190000 - 0x00007ffe0c1ab000 	C:\WINDOWS\system32\NLAapi.dll
0x00007ffdf2eb0000 - 0x00007ffdf2ec5000 	C:\WINDOWS\system32\wshbth.dll
0x000000006e840000 - 0x000000006e866000 	C:\Program Files\Bonjour\mdnsNSP.dll
0x00007ffe025b0000 - 0x00007ffe02629000 	C:\WINDOWS\System32\fwpuclnt.dll
0x00007ffe102f0000 - 0x00007ffe10316000 	C:\WINDOWS\System32\bcrypt.dll
0x00007ffe061f0000 - 0x00007ffe061fa000 	C:\Windows\System32\rasadhlp.dll
0x00007ffe0eb60000 - 0x00007ffe0ed4d000 	C:\WINDOWS\SYSTEM32\dbghelp.dll

VM Arguments:
jvm_args: -agentlib:jdwp=transport=dt_socket,suspend=y,address=localhost:53007 -javaagent:D:\Tutorials\Eclipse\eclipse\configuration\org.eclipse.osgi\252\0\.cp\lib\javaagent-shaded.jar -Dfile.encoding=UTF-8 
java_command: dummy.TEST123
java_class_path (initial): D:\EclipseMarketplace_GIT\Testing\target\test-classes;D:\EclipseMarketplace_GIT\Testing\target\classes;D:\Tutorials\Eclipse\eclipse\plugins\org.testng_6.14.2.r201802161450.jar;D:\Tutorials\Eclipse\eclipse\plugins\com.beust.jcommander_1.72.0.jar;D:\Tutorials\Eclipse\eclipse\plugins\org.apache-extras.beanshell.bsh_2.0.0.b6.jar;D:\Tutorials\Eclipse\eclipse\plugins\org.yaml.snakeyaml_1.17.0.jar;C:\Users\Ashirbad\.m2\repository\org\seleniumhq\selenium\selenium-java\3.141.59\selenium-java-3.141.59.jar;C:\Users\Ashirbad\.m2\repository\org\seleniumhq\selenium\selenium-api\3.141.59\selenium-api-3.141.59.jar;C:\Users\Ashirbad\.m2\repository\org\seleniumhq\selenium\selenium-chrome-driver\3.141.59\selenium-chrome-driver-3.141.59.jar;C:\Users\Ashirbad\.m2\repository\org\seleniumhq\selenium\selenium-edge-driver\3.141.59\selenium-edge-driver-3.141.59.jar;C:\Users\Ashirbad\.m2\repository\org\seleniumhq\selenium\selenium-firefox-driver\3.141.59\selenium-firefox-driver-3.141.59.jar;C:\Users\Ashirbad\.m2\repository\org\seleniumhq\selenium\selenium-ie-driver\3.141.59\selenium-ie-driver-3.141.59.jar;C:\Users\Ashirbad\.m2\repository\org\seleniumhq\selenium\selenium-opera-driver\3.141.59\selenium-opera-driver-3.141.59.jar;C:\Users\Ashirbad\.m2\repository\org\seleniumhq\selenium\selenium-remote-driver\3.141.59\selenium-remote-driver-3.141.59.jar;C:\Users\Ashirbad\.m2\repository\org\seleniumhq\selenium\selenium-safari-driver\3.141.59\selenium-safari-driver-3.141.59.jar;C:\Users\Ashirbad\.m2\repository\org\seleniumhq\selenium\selenium-support\3.141.59\selenium-support-3.141.59.jar;C:\Users\Ashirbad\.m2\repository\net\bytebuddy\byte-buddy\1.8.15\byte-buddy-1.8.15.jar;C:\Users\Ashirbad\.m2\repository\org\apache\commons\commons-exec\1.3\commons-exec-1.3.jar;C:\Users\Ashirbad\.m2\repository\com\google\guava\guava\25.0-jre\guava-25.0-jre.jar;C:\Users\Ashirbad\.m2\repository\com\google\code\findbugs\jsr305\1.3.9\jsr305-1.3.9.jar;C:\Users\Ashirbad\.m2\repository\org\che
Launcher Type: SUN_STANDARD

Environment Variables:
JAVA_HOME=C:\Program Files\Java\jdk1.8.0_211
PATH=C:\Program Files\Java\jdk1.8.0_211\jre\bin;C:/Program Files/Java/jre1.8.0_221/bin/server;C:/Program Files/Java/jre1.8.0_221/bin;C:/Program Files/Java/jre1.8.0_221/lib/amd64;C:\Program Files (x86)\Common Files\Oracle\Java\javapath;C:\Program Files (x86)\Intel\Intel(R) Management Engine Components\iCLS\;C:\Program Files\Intel\Intel(R) Management Engine Components\iCLS\;C:\Windows\system32;C:\Windows;C:\Windows\System32\Wbem;C:\Windows\System32\WindowsPowerShell\v1.0\;C:\Windows\System32\OpenSSH\;C:\Program Files (x86)\Intel\Intel(R) Management Engine Components\DAL;C:\Program Files\Intel\Intel(R) Management Engine Components\DAL;C:\Program Files (x86)\Intel\Intel(R) Management Engine Components\IPT;C:\Program Files\Intel\Intel(R) Management Engine Components\IPT;C:\Program Files (x86)\NVIDIA Corporation\PhysX\Common;D:\Tutorials\Maven\apache-maven-3.6.0\bin;C:\Program Files\Java\jdk1.8.0_211\bin;C:\WINDOWS\system32;C:\WINDOWS;C:\WINDOWS\System32\Wbem;C:\WINDOWS\System32\WindowsPowerShell\v1.0\;C:\WINDOWS\System32\OpenSSH\;C:\Users\Ashirbad\AppData\Local\Programs\Python\Python37-32;C:\Users\Ashirbad\AppData\Local\Programs\Python\Python37-32\Scripts;C:\Users\Ashirbad\AppData\Local\Programs\Python\Python37-32\Scripts\;C:\Users\Ashirbad\AppData\Local\Programs\Python\Python37-32\;C:\Program Files\MySQL\MySQL Shell 8.0\bin\;D:\Tutorials\Eclipse\eclipse;
USERNAME=Ashirbad
OS=Windows_NT
PROCESSOR_IDENTIFIER=Intel64 Family 6 Model 158 Stepping 10, GenuineIntel



---------------  S Y S T E M  ---------------

OS: Windows 10.0 , 64 bit Build 17763 (10.0.17763.475)

CPU:total 12 (initial active 12) (6 cores per cpu, 2 threads per core) family 6 model 158 stepping 10, cmov, cx8, fxsr, mmx, sse, sse2, sse3, ssse3, sse4.1, sse4.2, popcnt, avx, avx2, aes, clmul, erms, 3dnowpref, lzcnt, ht, tsc, tscinvbit, bmi1, bmi2, adx

Memory: 4k page, physical 8258868k(3164896k free), swap 12921856k(2721136k free)

vm_info: Java HotSpot(TM) 64-Bit Server VM (25.211-b12) for windows-amd64 JRE (1.8.0_211-b12), built on Apr  1 2019 20:53:26 by "java_re" with MS VC++ 10.0 (VS2010)

time: Sun Aug 11 23:56:04 2019
timezone: India Standard Time
elapsed time: 2763 seconds (0d 0h 46m 3s)

